Clock: clk
Sources: wb_clk_i 
Generated: no
Virtual: yes
Propagated: no
Period: 50.000000

===========================================================================
report_clock_properties
============================================================================
Clock                   Period          Waveform
----------------------------------------------------
clk                  50.000000    0.000000 25.000000

===========================================================================
report_clock_latency
============================================================================
Clock clk
rise -> rise
    min     max
4.650000 5.570000 source latency
5.790044         network latency _09273_/CLK
        7.277258 network latency mprj.synapse_matrix_inst.X1_inst/wb_clk_i
---------------
10.440043 12.847259 latency
        2.407215 skew

fall -> fall
    min     max
4.650000 5.570000 source latency
6.023228         network latency _09273_/CLK
        7.436842 network latency mprj.synapse_matrix_inst.X1_inst/wb_clk_i
---------------
10.673228 13.006843 latency
        2.333614 skew



===========================================================================
report_clock_min_period
============================================================================
clk period_min = 9.64 fmax = 103.71
