Clock: clk
Sources: wb_clk_i 
Generated: no
Virtual: yes
Propagated: no
Period: 100.000000

===========================================================================
report_clock_properties
============================================================================
Clock                   Period          Waveform
----------------------------------------------------
clk                 100.000000    0.000000 50.000000

===========================================================================
report_clock_latency
============================================================================
Clock clk
rise -> rise
    min     max
4.650000 5.570000 source latency
5.572935         network latency _10642_/CLK
        6.825793 network latency _11345_/CLK
---------------
10.222935 12.395793 latency
        2.172858 skew

fall -> fall
    min     max
4.650000 5.570000 source latency
5.626404         network latency _11009_/CLK
        6.837112 network latency _11345_/CLK
---------------
10.276404 12.407112 latency
        2.130708 skew



===========================================================================
report_clock_min_period
============================================================================
clk period_min = 11.69 fmax = 85.54
