Clock: clk
Sources: wb_clk_i 
Generated: no
Virtual: yes
Propagated: no
Period: 25.000000

===========================================================================
report_clock_properties
============================================================================
Clock                   Period          Waveform
----------------------------------------------------
clk                  25.000000    0.000000 12.500000

===========================================================================
report_clock_latency
============================================================================
Clock clk
rise -> rise
    min     max
4.650000 5.570000 source latency
6.097841         network latency neuro_inst.synapse_matrix_inst.X1_inst/wb_clk_i
        7.398675 network latency _10805_/CLK
---------------
10.747840 12.968676 latency
        2.220835 skew

fall -> fall
    min     max
4.650000 5.570000 source latency
6.066435         network latency neuro_inst.synapse_matrix_inst.X1_inst/wb_clk_i
        7.337766 network latency _10805_/CLK
---------------
10.716434 12.907766 latency
        2.191332 skew



===========================================================================
report_clock_min_period
============================================================================
clk period_min = 18.49 fmax = 54.07
