
===========================================================================
report_checks -unconstrained
===========================================================================
======================= max_ss_100C_1v60 Corner ===================================

Startpoint: wb_rst_i (input port clocked by clk)
Endpoint: _10642_ (recovery check against rising-edge clock clk)
Path Group: asynchronous
Path Type: max

Fanout         Cap        Slew       Delay        Time   Description
---------------------------------------------------------------------------------------------
                                  0.000000    0.000000   clock clk (rise edge)
                                  5.570000    5.570000   clock network delay (propagated)
                                 50.000000   55.570000 v input external delay
     1    0.003171    0.000000    0.000000   55.570000 v wb_rst_i (in)
                                                         wb_rst_i (net)
                      0.000181    0.000089   55.570087 v input11/A (sky130_fd_sc_hd__clkbuf_2)
     1    0.030925    0.219029    0.286079   55.856167 v input11/X (sky130_fd_sc_hd__clkbuf_2)
                                                         net11 (net)
                      0.219272    0.006050   55.862217 v fanout448/A (sky130_fd_sc_hd__buf_6)
     3    0.087023    0.149715    0.373245   56.235462 v fanout448/X (sky130_fd_sc_hd__buf_6)
                                                         net448 (net)
                      0.150348    0.008079   56.243542 v wire450/A (sky130_fd_sc_hd__clkbuf_16)
     5    0.198636    0.206757    0.391221   56.634762 v wire450/X (sky130_fd_sc_hd__clkbuf_16)
                                                         net450 (net)
                      0.238606    0.057252   56.692013 v fanout447/A (sky130_fd_sc_hd__buf_6)
     8    0.145794    0.226940    0.429900   57.121914 v fanout447/X (sky130_fd_sc_hd__buf_6)
                                                         net447 (net)
                      0.227020    0.003805   57.125721 v fanout427/A (sky130_fd_sc_hd__buf_8)
    10    0.148910    0.193863    0.387022   57.512741 v fanout427/X (sky130_fd_sc_hd__buf_8)
                                                         net427 (net)
                      0.202696    0.032188   57.544930 v fanout420/A (sky130_fd_sc_hd__clkbuf_8)
    10    0.108303    0.212680    0.435953   57.980881 v fanout420/X (sky130_fd_sc_hd__clkbuf_8)
                                                         net420 (net)
                      0.212877    0.003240   57.984123 v fanout418/A (sky130_fd_sc_hd__buf_8)
    16    0.134336    0.175312    0.390234   58.374355 v fanout418/X (sky130_fd_sc_hd__buf_8)
                                                         net418 (net)
                      0.175393    0.003226   58.377583 v _09134_/A (sky130_fd_sc_hd__inv_2)
     1    0.003702    0.060758    0.110564   58.488144 ^ _09134_/Y (sky130_fd_sc_hd__inv_2)
                                                         _00347_ (net)
                      0.060758    0.000195   58.488342 ^ _10642_/RESET_B (sky130_fd_sc_hd__dfrtp_1)
                                             58.488342   data arrival time

                                100.000000  100.000000   clock clk (rise edge)
                                  4.650000  104.649994   clock source latency
     1    0.131518    0.610000    0.000000  104.649994 ^ wb_clk_i (in)
                                                         wb_clk_i (net)
                      0.736321    0.063160  104.713158 ^ clkbuf_0_wb_clk_i/A (sky130_fd_sc_hd__clkbuf_16)
     4    0.092139    0.174111    0.564185  105.277344 ^ clkbuf_0_wb_clk_i/X (sky130_fd_sc_hd__clkbuf_16)
                                                         clknet_0_wb_clk_i (net)
                      0.177469    0.018858  105.296196 ^ clkbuf_2_2_0_wb_clk_i/A (sky130_fd_sc_hd__clkbuf_8)
     4    0.072910    0.211055    0.381121  105.677322 ^ clkbuf_2_2_0_wb_clk_i/X (sky130_fd_sc_hd__clkbuf_8)
                                                         clknet_2_2_0_wb_clk_i (net)
                      0.212681    0.014872  105.692192 ^ clkbuf_4_8_0_wb_clk_i/A (sky130_fd_sc_hd__clkbuf_8)
    15    0.154614    0.414087    0.540041  106.232231 ^ clkbuf_4_8_0_wb_clk_i/X (sky130_fd_sc_hd__clkbuf_8)
                                                         clknet_4_8_0_wb_clk_i (net)
                      0.417277    0.029431  106.261665 ^ _10642_/CLK (sky130_fd_sc_hd__dfrtp_1)
                                 -0.250000  106.011665   clock uncertainty
                                  0.000000  106.011665   clock reconvergence pessimism
                                  0.581558  106.593224   library recovery time
                                            106.593224   data required time
---------------------------------------------------------------------------------------------
                                            106.593224   data required time
                                            -58.488342   data arrival time
---------------------------------------------------------------------------------------------
                                             48.104881   slack (MET)


Startpoint: wb_rst_i (input port clocked by clk)
Endpoint: mprj.synapse_matrix_inst.X1_inst
          (rising edge-triggered flip-flop clocked by clk)
Path Group: clk
Path Type: max

Fanout         Cap        Slew       Delay        Time   Description
---------------------------------------------------------------------------------------------
                                  0.000000    0.000000   clock clk (rise edge)
                                  5.570000    5.570000   clock network delay (propagated)
                                 50.000000   55.570000 ^ input external delay
     1    0.003356    0.000000    0.000000   55.570000 ^ wb_rst_i (in)
                                                         wb_rst_i (net)
                      0.000193    0.000096   55.570095 ^ input11/A (sky130_fd_sc_hd__clkbuf_2)
     1    0.031304    0.270749    0.303519   55.873615 ^ input11/X (sky130_fd_sc_hd__clkbuf_2)
                                                         net11 (net)
                      0.270958    0.006175   55.879791 ^ fanout448/A (sky130_fd_sc_hd__buf_6)
     3    0.088771    0.285871    0.419742   56.299534 ^ fanout448/X (sky130_fd_sc_hd__buf_6)
                                                         net448 (net)
                      0.286224    0.008352   56.307884 ^ wire450/A (sky130_fd_sc_hd__clkbuf_16)
     5    0.200874    0.314287    0.462652   56.770538 ^ wire450/X (sky130_fd_sc_hd__clkbuf_16)
                                                         net450 (net)
                      0.388320    0.117005   56.887543 ^ wire449/A (sky130_fd_sc_hd__buf_12)
     2    0.286149    0.500579    0.509274   57.396816 ^ wire449/X (sky130_fd_sc_hd__buf_12)
                                                         net449 (net)
                      0.574576    0.146102   57.542919 ^ mprj.synapse_matrix_inst.X1_inst/wb_rst_i (Neuromorphic_X1_wb)
                                             57.542919   data arrival time

                                100.000000  100.000000   clock clk (rise edge)
                                  4.650000  104.649994   clock source latency
     1    0.131518    0.610000    0.000000  104.649994 ^ wb_clk_i (in)
                                                         wb_clk_i (net)
                      0.736321    0.063160  104.713158 ^ clkbuf_0_wb_clk_i/A (sky130_fd_sc_hd__clkbuf_16)
     4    0.092139    0.174111    0.564185  105.277344 ^ clkbuf_0_wb_clk_i/X (sky130_fd_sc_hd__clkbuf_16)
                                                         clknet_0_wb_clk_i (net)
                      0.177223    0.018140  105.295479 ^ clkbuf_2_3_0_wb_clk_i/A (sky130_fd_sc_hd__clkbuf_8)
     4    0.075059    0.216200    0.386883  105.682365 ^ clkbuf_2_3_0_wb_clk_i/X (sky130_fd_sc_hd__clkbuf_8)
                                                         clknet_2_3_0_wb_clk_i (net)
                      0.216854    0.008868  105.691231 ^ clkbuf_4_15_0_wb_clk_i/A (sky130_fd_sc_hd__clkbuf_8)
     7    0.199955    0.530660    0.595755  106.286987 ^ clkbuf_4_15_0_wb_clk_i/X (sky130_fd_sc_hd__clkbuf_8)
                                                         clknet_4_15_0_wb_clk_i (net)
                      0.557606    0.093365  106.380348 ^ mprj.synapse_matrix_inst.X1_inst/wb_clk_i (Neuromorphic_X1_wb)
                                 -0.250000  106.130356   clock uncertainty
                                  0.000000  106.130356   clock reconvergence pessimism
                                 -0.757655  105.372704   library setup time
                                            105.372704   data required time
---------------------------------------------------------------------------------------------
                                            105.372704   data required time
                                            -57.542919   data arrival time
---------------------------------------------------------------------------------------------
                                             47.829784   slack (MET)




===========================================================================
report_checks --slack_max -0.01
============================================================================
======================= max_ss_100C_1v60 Corner ===================================

No paths found.


===========================================================================
 report_check_types -max_slew -max_cap -max_fanout -violators
============================================================================
======================= max_ss_100C_1v60 Corner ===================================

max slew

Pin                                        Limit        Slew       Slack
------------------------------------------------------------------------
hold234/X                               1.498918    2.435155   -0.936237 (VIOLATED)
_06125_/A1                              1.500000    2.436076   -0.936076 (VIOLATED)
fanout108/A                             1.500000    2.436044   -0.936044 (VIOLATED)
_06742_/A1                              1.500000    2.435647   -0.935648 (VIOLATED)
ANTENNA_213/DIODE                       1.500000    2.435647   -0.935646 (VIOLATED)
fanout106/A                             1.500000    2.435194   -0.935194 (VIOLATED)
_05214_/Y                               1.495906    2.292302   -0.796396 (VIOLATED)
_05807_/C                               1.500000    2.292932   -0.792932 (VIOLATED)
_05862_/C                               1.500000    2.292898   -0.792898 (VIOLATED)
_05264_/B                               1.500000    2.292894   -0.792894 (VIOLATED)
_07057_/C                               1.500000    2.292890   -0.792890 (VIOLATED)
_05215_/B                               1.500000    2.292883   -0.792883 (VIOLATED)
_06809_/C                               1.500000    2.292702   -0.792702 (VIOLATED)
_05272_/B                               1.500000    2.292688   -0.792688 (VIOLATED)
_05258_/B                               1.500000    2.292683   -0.792683 (VIOLATED)
_06210_/C                               1.500000    2.292638   -0.792638 (VIOLATED)
hold1264/X                              1.498918    1.849825   -0.350907 (VIOLATED)
fanout116/A                             1.500000    1.850884   -0.350884 (VIOLATED)
fanout117/A                             1.500000    1.850778   -0.350778 (VIOLATED)
ANTENNA_215/DIODE                       1.500000    1.850042   -0.350042 (VIOLATED)
_06688_/A0                              1.500000    1.850042   -0.350042 (VIOLATED)
fanout115/A                             1.500000    1.849841   -0.349842 (VIOLATED)
_05891_/Y                               1.489198    1.676249   -0.187051 (VIOLATED)
_06074_/Y                               1.497361    1.681700   -0.184339 (VIOLATED)
_06117_/A1                              1.500000    1.682691   -0.182691 (VIOLATED)
_06348_/A1                              1.500000    1.682687   -0.182687 (VIOLATED)
fanout155/A                             1.500000    1.682420   -0.182420 (VIOLATED)
fanout158/A                             1.500000    1.682157   -0.182157 (VIOLATED)
_07159_/A1                              1.500000    1.682010   -0.182010 (VIOLATED)
ANTENNA_36/DIODE                        1.500000    1.682005   -0.182005 (VIOLATED)
_05907_/B1                              1.500000    1.676306   -0.176306 (VIOLATED)
_05905_/B1                              1.500000    1.676301   -0.176301 (VIOLATED)
hold800/X                               1.498918    1.669380   -0.170462 (VIOLATED)
fanout139/A                             1.500000    1.669479   -0.169479 (VIOLATED)
fanout137/A                             1.500000    1.669392   -0.169392 (VIOLATED)
fanout136/A                             1.500000    1.669388   -0.169388 (VIOLATED)
_06333_/S                               1.500000    1.639940   -0.139940 (VIOLATED)
_06325_/S                               1.500000    1.639765   -0.139765 (VIOLATED)
_06321_/S                               1.500000    1.639421   -0.139421 (VIOLATED)
ANTENNA_43/DIODE                        1.500000    1.639416   -0.139416 (VIOLATED)
_06322_/S                               1.500000    1.639278   -0.139278 (VIOLATED)
_06326_/S                               1.500000    1.639224   -0.139224 (VIOLATED)
_06318_/S                               1.500000    1.639012   -0.139012 (VIOLATED)
_06320_/S                               1.500000    1.638927   -0.138927 (VIOLATED)
_06328_/S                               1.500000    1.638894   -0.138894 (VIOLATED)
_06327_/S                               1.500000    1.638843   -0.138843 (VIOLATED)
_06329_/S                               1.500000    1.638782   -0.138782 (VIOLATED)
_06331_/S                               1.500000    1.638775   -0.138775 (VIOLATED)
_06324_/S                               1.500000    1.638755   -0.138755 (VIOLATED)
_06330_/S                               1.500000    1.638750   -0.138750 (VIOLATED)
_06323_/S                               1.500000    1.638587   -0.138587 (VIOLATED)
_06332_/S                               1.500000    1.638423   -0.138423 (VIOLATED)
_06319_/S                               1.500000    1.638405   -0.138405 (VIOLATED)
_06317_/X                               1.500000    1.637854   -0.137854 (VIOLATED)
mprj.synapse_matrix_inst.X1_inst/ScanInDR    0.500000    0.622761   -0.122761 (VIOLATED)
mprj.synapse_matrix_inst.X1_inst/TM     0.500000    0.596348   -0.096348 (VIOLATED)
mprj.synapse_matrix_inst.X1_inst/user_rst    0.500000    0.583766   -0.083766 (VIOLATED)
_05797_/Y                               1.489198    1.569126   -0.079928 (VIOLATED)
mprj.synapse_matrix_inst.X1_inst/wb_rst_i    0.500000    0.574576   -0.074576 (VIOLATED)
_05798_/B2                              1.500000    1.569184   -0.069184 (VIOLATED)
_05314_/Y                               1.492081    1.550703   -0.058622 (VIOLATED)
mprj.synapse_matrix_inst.X1_inst/wb_clk_i    0.500000    0.557606   -0.057606 (VIOLATED)
_05203_/Y                               1.495733    1.552776   -0.057043 (VIOLATED)
_05702_/A2                              1.500000    1.555919   -0.055919 (VIOLATED)
_05280_/A2                              1.500000    1.555880   -0.055880 (VIOLATED)
_05366_/A2                              1.500000    1.555678   -0.055678 (VIOLATED)
_05554_/A2                              1.500000    1.555633   -0.055633 (VIOLATED)
_05739_/A2                              1.500000    1.555571   -0.055571 (VIOLATED)
_05453_/A2                              1.500000    1.555454   -0.055454 (VIOLATED)
_05834_/A2                              1.500000    1.554727   -0.054727 (VIOLATED)
_05950_/A2                              1.500000    1.554385   -0.054385 (VIOLATED)
_05777_/A2                              1.500000    1.553988   -0.053988 (VIOLATED)
_05892_/A2                              1.500000    1.553981   -0.053981 (VIOLATED)
_05474_/A2                              1.500000    1.553715   -0.053715 (VIOLATED)
ANTENNA_3/DIODE                         1.500000    1.553712   -0.053712 (VIOLATED)
_05611_/A2                              1.500000    1.553279   -0.053279 (VIOLATED)
_05387_/A2                              1.500000    1.553210   -0.053210 (VIOLATED)
_05543_/A2                              1.500000    1.553185   -0.053185 (VIOLATED)
_06014_/A2                              1.500000    1.553135   -0.053135 (VIOLATED)
_05646_/A2                              1.500000    1.552995   -0.052995 (VIOLATED)
ANTENNA_4/DIODE                         1.500000    1.552994   -0.052994 (VIOLATED)
_05315_/B2                              1.500000    1.550708   -0.050708 (VIOLATED)
_05201_/Y                               1.494453    1.543933   -0.049480 (VIOLATED)
_05455_/B1                              1.500000    1.549076   -0.049076 (VIOLATED)
_05622_/B1                              1.500000    1.549032   -0.049032 (VIOLATED)
_05829_/A2                              1.500000    1.548694   -0.048694 (VIOLATED)
_05786_/B1                              1.500000    1.548634   -0.048634 (VIOLATED)
_05492_/A2                              1.500000    1.548263   -0.048263 (VIOLATED)
_05401_/B1                              1.500000    1.548237   -0.048237 (VIOLATED)
_05708_/A2                              1.500000    1.548137   -0.048137 (VIOLATED)
_05354_/B1                              1.500000    1.548058   -0.048058 (VIOLATED)
_06317_/A2                              1.500000    1.547796   -0.047796 (VIOLATED)
_05645_/B1                              1.500000    1.547772   -0.047772 (VIOLATED)
_05733_/A2                              1.500000    1.547597   -0.047597 (VIOLATED)
_05537_/A2                              1.500000    1.547534   -0.047534 (VIOLATED)
_05312_/B1                              1.500000    1.547529   -0.047529 (VIOLATED)
_05569_/B1                              1.500000    1.547478   -0.047478 (VIOLATED)
_06013_/A2                              1.500000    1.547443   -0.047443 (VIOLATED)
_05940_/B1                              1.500000    1.547433   -0.047434 (VIOLATED)
_05259_/X                               1.500000    1.547061   -0.047061 (VIOLATED)
_05248_/Y                               1.495733    1.540467   -0.044734 (VIOLATED)
_06950_/C                               1.500000    1.544208   -0.044208 (VIOLATED)
_05919_/C                               1.500000    1.544187   -0.044187 (VIOLATED)
_07092_/C                               1.500000    1.544184   -0.044184 (VIOLATED)
_05466_/C                               1.500000    1.544181   -0.044181 (VIOLATED)
_06138_/C                               1.500000    1.544123   -0.044123 (VIOLATED)
_05805_/C                               1.500000    1.544006   -0.044006 (VIOLATED)
_05555_/B1                              1.500000    1.543192   -0.043192 (VIOLATED)
_05490_/B1                              1.500000    1.543064   -0.043064 (VIOLATED)
_05738_/A2                              1.500000    1.543041   -0.043041 (VIOLATED)
_05412_/B1                              1.500000    1.542984   -0.042984 (VIOLATED)
_05610_/B1                              1.500000    1.542376   -0.042376 (VIOLATED)
_05440_/B1                              1.500000    1.542265   -0.042265 (VIOLATED)
_05672_/A2                              1.500000    1.542203   -0.042203 (VIOLATED)
_05529_/A2                              1.500000    1.542133   -0.042133 (VIOLATED)
_05921_/A2                              1.500000    1.541996   -0.041997 (VIOLATED)
_06667_/B                               1.500000    1.541988   -0.041988 (VIOLATED)
_05823_/A2                              1.500000    1.541923   -0.041923 (VIOLATED)
_05775_/B1                              1.500000    1.541895   -0.041895 (VIOLATED)
_05289_/A2                              1.500000    1.541754   -0.041754 (VIOLATED)
_05364_/A2                              1.500000    1.541498   -0.041498 (VIOLATED)
_05689_/B1                              1.500000    1.540671   -0.040671 (VIOLATED)
_06009_/A2                              1.500000    1.540662   -0.040662 (VIOLATED)
mprj.synapse_matrix_inst.X1_inst/user_clk    0.500000    0.539750   -0.039750 (VIOLATED)
mprj.synapse_matrix_inst.X1_inst/Vcc_set    0.500000    0.529363   -0.029363 (VIOLATED)
_06086_/Y                               1.495733    1.523433   -0.027700 (VIOLATED)
_06096_/S                               1.500000    1.525716   -0.025716 (VIOLATED)
ANTENNA_39/DIODE                        1.500000    1.525455   -0.025456 (VIOLATED)
_06097_/S                               1.500000    1.525452   -0.025452 (VIOLATED)
_06087_/B1                              1.500000    1.524676   -0.024676 (VIOLATED)
_06098_/B1                              1.500000    1.524232   -0.024232 (VIOLATED)
_06091_/B1                              1.500000    1.524174   -0.024174 (VIOLATED)
_06093_/B1                              1.500000    1.523962   -0.023962 (VIOLATED)
_06099_/B1                              1.500000    1.523923   -0.023923 (VIOLATED)
_06102_/B1                              1.500000    1.523891   -0.023891 (VIOLATED)
_06090_/B1                              1.500000    1.523880   -0.023880 (VIOLATED)
_06089_/B1                              1.500000    1.523875   -0.023875 (VIOLATED)
ANTENNA_38/DIODE                        1.500000    1.523863   -0.023863 (VIOLATED)
_06092_/B1                              1.500000    1.523861   -0.023861 (VIOLATED)
_06101_/B1                              1.500000    1.523851   -0.023851 (VIOLATED)
_06100_/B1                              1.500000    1.523840   -0.023840 (VIOLATED)
_06094_/B1                              1.500000    1.523836   -0.023836 (VIOLATED)
_06095_/B1                              1.500000    1.523796   -0.023796 (VIOLATED)
_06088_/B1                              1.500000    1.523713   -0.023713 (VIOLATED)
fanout135/A                             1.500000    1.519891   -0.019891 (VIOLATED)
fanout134/A                             1.500000    1.519612   -0.019612 (VIOLATED)
hold453/X                               1.498918    1.518259   -0.019341 (VIOLATED)
fanout133/A                             1.500000    1.518293   -0.018293 (VIOLATED)
_05904_/Y                               1.489198    1.504303   -0.015105 (VIOLATED)
_06211_/Y                               1.495733    1.505831   -0.010098 (VIOLATED)
_06222_/S                               1.500000    1.507213   -0.007213 (VIOLATED)
_06227_/B1                              1.500000    1.507151   -0.007151 (VIOLATED)
_06218_/S                               1.500000    1.506937   -0.006937 (VIOLATED)
_06219_/B1                              1.500000    1.506928   -0.006928 (VIOLATED)
_06212_/B1                              1.500000    1.506847   -0.006847 (VIOLATED)
_06221_/S                               1.500000    1.506782   -0.006782 (VIOLATED)
_06225_/S                               1.500000    1.506689   -0.006690 (VIOLATED)
_06214_/B1                              1.500000    1.506557   -0.006558 (VIOLATED)
_06224_/B1                              1.500000    1.506443   -0.006443 (VIOLATED)
_06223_/B1                              1.500000    1.506401   -0.006401 (VIOLATED)
ANTENNA_41/DIODE                        1.500000    1.506398   -0.006399 (VIOLATED)
_06220_/B1                              1.500000    1.506382   -0.006382 (VIOLATED)
_06226_/B1                              1.500000    1.506328   -0.006328 (VIOLATED)
_06216_/B1                              1.500000    1.506313   -0.006313 (VIOLATED)
_06213_/B1                              1.500000    1.506279   -0.006279 (VIOLATED)
_06217_/B1                              1.500000    1.506199   -0.006199 (VIOLATED)
_06215_/B1                              1.500000    1.506114   -0.006114 (VIOLATED)
_05907_/B2                              1.500000    1.504344   -0.004344 (VIOLATED)
_05905_/B2                              1.500000    1.504342   -0.004342 (VIOLATED)
mprj.synapse_matrix_inst.X1_inst/Bias_comp2    0.500000    0.500241   -0.000241 (VIOLATED)

max fanout

Pin                                   Limit Fanout  Slack
---------------------------------------------------------
fanout272/X                              16     33    -17 (VIOLATED)
wire273/X                                16     26    -10 (VIOLATED)
_05271_/X                                16     20     -4 (VIOLATED)
clkbuf_4_5_0_wb_clk_i/X                  16     20     -4 (VIOLATED)
_07075_/X                                16     19     -3 (VIOLATED)
clkbuf_4_4_0_wb_clk_i/X                  16     19     -3 (VIOLATED)
fanout108/X                              16     19     -3 (VIOLATED)
_05203_/Y                                16     18     -2 (VIOLATED)
_05231_/X                                16     18     -2 (VIOLATED)
_06086_/Y                                16     18     -2 (VIOLATED)
_06369_/X                                16     18     -2 (VIOLATED)
fanout104/X                              16     18     -2 (VIOLATED)
fanout132/X                              16     18     -2 (VIOLATED)
fanout146/X                              16     18     -2 (VIOLATED)
fanout147/X                              16     18     -2 (VIOLATED)
fanout167/X                              16     18     -2 (VIOLATED)
fanout196/X                              16     18     -2 (VIOLATED)
fanout200/X                              16     18     -2 (VIOLATED)
fanout202/X                              16     18     -2 (VIOLATED)
_05256_/X                                16     17        (VIOLATED)
_06121_/X                                16     17        (VIOLATED)
_06211_/Y                                16     17        (VIOLATED)
_06228_/X                                16     17        (VIOLATED)
_06317_/X                                16     17        (VIOLATED)
_06335_/Y                                16     17        (VIOLATED)
_06387_/Y                                16     17        (VIOLATED)
_06405_/Y                                16     17        (VIOLATED)
_06528_/X                                16     17        (VIOLATED)
_06563_/Y                                16     17        (VIOLATED)
_06580_/X                                16     17        (VIOLATED)
_06615_/X                                16     17        (VIOLATED)
_06827_/X                                16     17        (VIOLATED)
_07004_/X                                16     17        (VIOLATED)
_07110_/X                                16     17        (VIOLATED)
_08622_/X                                16     17        (VIOLATED)
fanout103/X                              16     17        (VIOLATED)
fanout116/X                              16     17        (VIOLATED)
fanout124/X                              16     17        (VIOLATED)
fanout134/X                              16     17        (VIOLATED)
fanout140/X                              16     17        (VIOLATED)
fanout141/X                              16     17        (VIOLATED)
fanout152/X                              16     17        (VIOLATED)
fanout154/X                              16     17        (VIOLATED)
fanout162/X                              16     17        (VIOLATED)
fanout173/X                              16     17        (VIOLATED)
fanout201/X                              16     17        (VIOLATED)
fanout206/X                              16     17        (VIOLATED)
fanout207/X                              16     17        (VIOLATED)
fanout209/X                              16     17        (VIOLATED)
fanout225/X                              16     17        (VIOLATED)
fanout244/X                              16     17        (VIOLATED)
fanout307/X                              16     17        (VIOLATED)

max capacitance

Pin                                        Limit         Cap       Slack
------------------------------------------------------------------------
hold234/X                               0.100718    0.164992   -0.064274 (VIOLATED)
_05214_/Y                               0.064097    0.106620   -0.042523 (VIOLATED)
_06317_/X                               0.358897    0.395938   -0.037041 (VIOLATED)
hold1264/X                              0.100718    0.124971   -0.024253 (VIOLATED)
_06074_/Y                               0.138255    0.156921   -0.018666 (VIOLATED)
_05203_/Y                               0.270090    0.284423   -0.014333 (VIOLATED)
_05259_/X                               0.339671    0.351888   -0.012217 (VIOLATED)
hold800/X                               0.100718    0.112819   -0.012101 (VIOLATED)
_05248_/Y                               0.270090    0.282015   -0.011925 (VIOLATED)
_06086_/Y                               0.270090    0.277967   -0.007877 (VIOLATED)
_05891_/Y                               0.036631    0.043117   -0.006486 (VIOLATED)
_06211_/Y                               0.270090    0.274606   -0.004516 (VIOLATED)
_05201_/Y                               0.065012    0.069412   -0.004400 (VIOLATED)
_05797_/Y                               0.036631    0.040066   -0.003435 (VIOLATED)
hold453/X                               0.100718    0.102743   -0.002025 (VIOLATED)
_05314_/Y                               0.020152    0.021709   -0.001557 (VIOLATED)
_05904_/Y                               0.036631    0.038164   -0.001533 (VIOLATED)



===========================================================================
report_parasitic_annotation -report_unannotated
============================================================================
Found 777 unannotated drivers.
 analog_io[0]
 analog_io[10]
 analog_io[11]
 analog_io[12]
 analog_io[13]
 analog_io[14]
 analog_io[15]
 analog_io[16]
 analog_io[17]
 analog_io[18]
 analog_io[1]
 analog_io[2]
 analog_io[3]
 analog_io[4]
 analog_io[5]
 analog_io[6]
 analog_io[7]
 analog_io[8]
 analog_io[9]
 io_in[0]
 io_in[11]
 io_in[12]
 io_in[13]
 io_in[14]
 io_in[15]
 io_in[16]
 io_in[17]
 io_in[18]
 io_in[19]
 io_in[1]
 io_in[20]
 io_in[21]
 io_in[22]
 io_in[23]
 io_in[26]
 io_in[27]
 io_in[28]
 io_in[29]
 io_in[2]
 io_in[30]
 io_in[31]
 io_in[32]
 io_in[33]
 io_in[34]
 io_in[35]
 io_in[3]
 io_in[4]
 la_data_in[0]
 la_data_in[100]
 la_data_in[101]
 la_data_in[102]
 la_data_in[103]
 la_data_in[104]
 la_data_in[105]
 la_data_in[106]
 la_data_in[107]
 la_data_in[108]
 la_data_in[109]
 la_data_in[10]
 la_data_in[110]
 la_data_in[111]
 la_data_in[112]
 la_data_in[113]
 la_data_in[114]
 la_data_in[115]
 la_data_in[116]
 la_data_in[117]
 la_data_in[118]
 la_data_in[119]
 la_data_in[11]
 la_data_in[120]
 la_data_in[121]
 la_data_in[122]
 la_data_in[123]
 la_data_in[124]
 la_data_in[125]
 la_data_in[126]
 la_data_in[127]
 la_data_in[12]
 la_data_in[13]
 la_data_in[14]
 la_data_in[15]
 la_data_in[16]
 la_data_in[17]
 la_data_in[18]
 la_data_in[19]
 la_data_in[1]
 la_data_in[20]
 la_data_in[21]
 la_data_in[22]
 la_data_in[23]
 la_data_in[24]
 la_data_in[25]
 la_data_in[26]
 la_data_in[27]
 la_data_in[28]
 la_data_in[29]
 la_data_in[2]
 la_data_in[30]
 la_data_in[31]
 la_data_in[32]
 la_data_in[33]
 la_data_in[34]
 la_data_in[35]
 la_data_in[36]
 la_data_in[37]
 la_data_in[38]
 la_data_in[39]
 la_data_in[3]
 la_data_in[40]
 la_data_in[41]
 la_data_in[42]
 la_data_in[43]
 la_data_in[44]
 la_data_in[45]
 la_data_in[46]
 la_data_in[47]
 la_data_in[48]
 la_data_in[49]
 la_data_in[4]
 la_data_in[50]
 la_data_in[51]
 la_data_in[52]
 la_data_in[53]
 la_data_in[54]
 la_data_in[55]
 la_data_in[56]
 la_data_in[57]
 la_data_in[58]
 la_data_in[59]
 la_data_in[5]
 la_data_in[60]
 la_data_in[61]
 la_data_in[62]
 la_data_in[63]
 la_data_in[64]
 la_data_in[65]
 la_data_in[66]
 la_data_in[67]
 la_data_in[68]
 la_data_in[69]
 la_data_in[6]
 la_data_in[70]
 la_data_in[71]
 la_data_in[72]
 la_data_in[73]
 la_data_in[74]
 la_data_in[75]
 la_data_in[76]
 la_data_in[77]
 la_data_in[78]
 la_data_in[79]
 la_data_in[7]
 la_data_in[80]
 la_data_in[81]
 la_data_in[82]
 la_data_in[83]
 la_data_in[84]
 la_data_in[85]
 la_data_in[86]
 la_data_in[87]
 la_data_in[88]
 la_data_in[89]
 la_data_in[8]
 la_data_in[90]
 la_data_in[91]
 la_data_in[92]
 la_data_in[93]
 la_data_in[94]
 la_data_in[95]
 la_data_in[96]
 la_data_in[97]
 la_data_in[98]
 la_data_in[99]
 la_data_in[9]
 la_oenb[0]
 la_oenb[100]
 la_oenb[101]
 la_oenb[102]
 la_oenb[103]
 la_oenb[104]
 la_oenb[105]
 la_oenb[106]
 la_oenb[107]
 la_oenb[108]
 la_oenb[109]
 la_oenb[10]
 la_oenb[110]
 la_oenb[111]
 la_oenb[112]
 la_oenb[113]
 la_oenb[114]
 la_oenb[115]
 la_oenb[116]
 la_oenb[117]
 la_oenb[118]
 la_oenb[119]
 la_oenb[11]
 la_oenb[120]
 la_oenb[121]
 la_oenb[122]
 la_oenb[123]
 la_oenb[124]
 la_oenb[125]
 la_oenb[126]
 la_oenb[127]
 la_oenb[12]
 la_oenb[13]
 la_oenb[14]
 la_oenb[15]
 la_oenb[16]
 la_oenb[17]
 la_oenb[18]
 la_oenb[19]
 la_oenb[1]
 la_oenb[20]
 la_oenb[21]
 la_oenb[22]
 la_oenb[23]
 la_oenb[24]
 la_oenb[25]
 la_oenb[26]
 la_oenb[27]
 la_oenb[28]
 la_oenb[29]
 la_oenb[2]
 la_oenb[30]
 la_oenb[31]
 la_oenb[32]
 la_oenb[33]
 la_oenb[34]
 la_oenb[35]
 la_oenb[36]
 la_oenb[37]
 la_oenb[38]
 la_oenb[39]
 la_oenb[3]
 la_oenb[40]
 la_oenb[41]
 la_oenb[42]
 la_oenb[43]
 la_oenb[44]
 la_oenb[45]
 la_oenb[46]
 la_oenb[47]
 la_oenb[48]
 la_oenb[49]
 la_oenb[4]
 la_oenb[50]
 la_oenb[51]
 la_oenb[52]
 la_oenb[53]
 la_oenb[54]
 la_oenb[55]
 la_oenb[56]
 la_oenb[57]
 la_oenb[58]
 la_oenb[59]
 la_oenb[5]
 la_oenb[60]
 la_oenb[61]
 la_oenb[62]
 la_oenb[63]
 la_oenb[64]
 la_oenb[65]
 la_oenb[66]
 la_oenb[67]
 la_oenb[68]
 la_oenb[69]
 la_oenb[6]
 la_oenb[70]
 la_oenb[71]
 la_oenb[72]
 la_oenb[73]
 la_oenb[74]
 la_oenb[75]
 la_oenb[76]
 la_oenb[77]
 la_oenb[78]
 la_oenb[79]
 la_oenb[7]
 la_oenb[80]
 la_oenb[81]
 la_oenb[82]
 la_oenb[83]
 la_oenb[84]
 la_oenb[85]
 la_oenb[86]
 la_oenb[87]
 la_oenb[88]
 la_oenb[89]
 la_oenb[8]
 la_oenb[90]
 la_oenb[91]
 la_oenb[92]
 la_oenb[93]
 la_oenb[94]
 la_oenb[95]
 la_oenb[96]
 la_oenb[97]
 la_oenb[98]
 la_oenb[99]
 la_oenb[9]
 user_clock2
 wbs_adr_i[0]
 wbs_adr_i[10]
 wbs_adr_i[11]
 wbs_adr_i[16]
 wbs_adr_i[17]
 wbs_adr_i[18]
 wbs_adr_i[19]
 wbs_adr_i[1]
 wbs_adr_i[20]
 wbs_adr_i[21]
 wbs_adr_i[22]
 wbs_adr_i[23]
 wbs_adr_i[24]
 wbs_adr_i[25]
 wbs_adr_i[26]
 wbs_adr_i[27]
 wbs_adr_i[28]
 wbs_adr_i[29]
 wbs_adr_i[30]
 wbs_adr_i[31]
 wbs_adr_i[3]
 wbs_adr_i[4]
 wbs_adr_i[5]
 wbs_adr_i[6]
 wbs_adr_i[7]
 wbs_adr_i[8]
 wbs_adr_i[9]
 clkload0/Y
 clkload1/Y
 clkload10/Y
 clkload100/Y
 clkload101/Y
 clkload102/Y
 clkload103/Y
 clkload104/Y
 clkload105/Y
 clkload106/Y
 clkload107/Y
 clkload108/X
 clkload109/Y
 clkload11/Y
 clkload110/Y
 clkload111/X
 clkload112/X
 clkload113/Y
 clkload114/Y
 clkload115/X
 clkload116/Y
 clkload117/X
 clkload118/Y
 clkload119/X
 clkload12/Y
 clkload120/X
 clkload121/Y
 clkload122/Y
 clkload123/Y
 clkload124/X
 clkload125/Y
 clkload126/Y
 clkload127/Y
 clkload128/X
 clkload129/Y
 clkload13/Y
 clkload130/X
 clkload131/Y
 clkload132/X
 clkload133/Y
 clkload134/Y
 clkload135/Y
 clkload136/X
 clkload137/Y
 clkload138/Y
 clkload139/Y
 clkload14/Y
 clkload140/Y
 clkload141/Y
 clkload142/X
 clkload143/Y
 clkload144/X
 clkload145/Y
 clkload146/Y
 clkload147/Y
 clkload148/X
 clkload149/Y
 clkload15/Y
 clkload150/X
 clkload151/Y
 clkload152/X
 clkload153/X
 clkload154/Y
 clkload155/Y
 clkload156/X
 clkload157/X
 clkload158/Y
 clkload159/Y
 clkload16/Y
 clkload160/Y
 clkload161/Y
 clkload162/Y
 clkload163/Y
 clkload164/Y
 clkload165/X
 clkload166/Y
 clkload167/Y
 clkload168/X
 clkload169/Y
 clkload17/Y
 clkload170/X
 clkload171/Y
 clkload172/Y
 clkload173/Y
 clkload174/Y
 clkload175/Y
 clkload176/Y
 clkload177/Y
 clkload178/X
 clkload179/Y
 clkload18/Y
 clkload180/Y
 clkload181/X
 clkload182/Y
 clkload19/Y
 clkload2/Y
 clkload20/Y
 clkload21/Y
 clkload22/Y
 clkload23/Y
 clkload24/Y
 clkload25/Y
 clkload26/X
 clkload27/X
 clkload28/Y
 clkload29/Y
 clkload3/Y
 clkload30/X
 clkload31/Y
 clkload32/Y
 clkload33/Y
 clkload34/X
 clkload35/Y
 clkload36/Y
 clkload37/Y
 clkload38/Y
 clkload39/Y
 clkload4/Y
 clkload40/Y
 clkload41/Y
 clkload42/Y
 clkload43/Y
 clkload44/Y
 clkload45/Y
 clkload46/Y
 clkload47/Y
 clkload48/Y
 clkload49/Y
 clkload5/Y
 clkload50/Y
 clkload51/X
 clkload52/Y
 clkload53/Y
 clkload54/Y
 clkload55/X
 clkload56/Y
 clkload57/X
 clkload58/X
 clkload59/Y
 clkload6/Y
 clkload60/Y
 clkload61/X
 clkload62/Y
 clkload63/Y
 clkload64/Y
 clkload65/Y
 clkload66/Y
 clkload67/Y
 clkload68/Y
 clkload69/Y
 clkload7/Y
 clkload70/X
 clkload71/X
 clkload72/X
 clkload73/Y
 clkload74/X
 clkload75/X
 clkload76/Y
 clkload77/X
 clkload78/X
 clkload79/X
 clkload8/Y
 clkload80/X
 clkload81/Y
 clkload82/X
 clkload83/X
 clkload84/Y
 clkload85/Y
 clkload86/Y
 clkload87/Y
 clkload88/X
 clkload89/Y
 clkload9/Y
 clkload90/Y
 clkload91/Y
 clkload92/X
 clkload93/Y
 clkload94/Y
 clkload95/Y
 clkload96/Y
 clkload97/Y
 clkload98/Y
 clkload99/X
 mprj.synapse_matrix_inst.X1_inst/VDDA1
 mprj.synapse_matrix_inst.X1_inst/VDDA2
 mprj.synapse_matrix_inst.X1_inst/VDDC1
 mprj.synapse_matrix_inst.X1_inst/VDDC2
 mprj.synapse_matrix_inst.X1_inst/VSS
 mprj.synapse_matrix_inst.X1_inst/wbs_dat_o[10]
 mprj.synapse_matrix_inst.X1_inst/wbs_dat_o[11]
 mprj.synapse_matrix_inst.X1_inst/wbs_dat_o[12]
 mprj.synapse_matrix_inst.X1_inst/wbs_dat_o[13]
 mprj.synapse_matrix_inst.X1_inst/wbs_dat_o[14]
 mprj.synapse_matrix_inst.X1_inst/wbs_dat_o[15]
 mprj.synapse_matrix_inst.X1_inst/wbs_dat_o[16]
 mprj.synapse_matrix_inst.X1_inst/wbs_dat_o[17]
 mprj.synapse_matrix_inst.X1_inst/wbs_dat_o[18]
 mprj.synapse_matrix_inst.X1_inst/wbs_dat_o[19]
 mprj.synapse_matrix_inst.X1_inst/wbs_dat_o[1]
 mprj.synapse_matrix_inst.X1_inst/wbs_dat_o[20]
 mprj.synapse_matrix_inst.X1_inst/wbs_dat_o[21]
 mprj.synapse_matrix_inst.X1_inst/wbs_dat_o[22]
 mprj.synapse_matrix_inst.X1_inst/wbs_dat_o[23]
 mprj.synapse_matrix_inst.X1_inst/wbs_dat_o[24]
 mprj.synapse_matrix_inst.X1_inst/wbs_dat_o[25]
 mprj.synapse_matrix_inst.X1_inst/wbs_dat_o[26]
 mprj.synapse_matrix_inst.X1_inst/wbs_dat_o[27]
 mprj.synapse_matrix_inst.X1_inst/wbs_dat_o[28]
 mprj.synapse_matrix_inst.X1_inst/wbs_dat_o[29]
 mprj.synapse_matrix_inst.X1_inst/wbs_dat_o[2]
 mprj.synapse_matrix_inst.X1_inst/wbs_dat_o[30]
 mprj.synapse_matrix_inst.X1_inst/wbs_dat_o[31]
 mprj.synapse_matrix_inst.X1_inst/wbs_dat_o[3]
 mprj.synapse_matrix_inst.X1_inst/wbs_dat_o[4]
 mprj.synapse_matrix_inst.X1_inst/wbs_dat_o[5]
 mprj.synapse_matrix_inst.X1_inst/wbs_dat_o[6]
 mprj.synapse_matrix_inst.X1_inst/wbs_dat_o[7]
 mprj.synapse_matrix_inst.X1_inst/wbs_dat_o[8]
 mprj.synapse_matrix_inst.X1_inst/wbs_dat_o[9]
 mprj.synapse_matrix_inst.X1_inst_466/HI
 mprj.synapse_matrix_inst.X1_inst_467/HI
 mprj.synapse_matrix_inst.X1_inst_468/HI
 mprj.synapse_matrix_inst.X1_inst_469/HI
 mprj.synapse_matrix_inst.X1_inst_470/HI
 mprj.synapse_matrix_inst.X1_inst_471/HI
 mprj.synapse_matrix_inst.X1_inst_472/HI
 mprj.synapse_matrix_inst.X1_inst_473/HI
 mprj.synapse_matrix_inst.X1_inst_474/HI
 mprj.synapse_matrix_inst.X1_inst_475/HI
 mprj.synapse_matrix_inst.X1_inst_476/HI
 mprj.synapse_matrix_inst.X1_inst_477/HI
 mprj.synapse_matrix_inst.X1_inst_478/HI
 mprj.synapse_matrix_inst.X1_inst_479/HI
 mprj.synapse_matrix_inst.X1_inst_480/HI
 mprj.synapse_matrix_inst.X1_inst_481/HI
 mprj.synapse_matrix_inst.X1_inst_482/HI
 mprj.synapse_matrix_inst.X1_inst_483/HI
 mprj.synapse_matrix_inst.X1_inst_484/HI
 mprj.synapse_matrix_inst.X1_inst_485/HI
 mprj.synapse_matrix_inst.X1_inst_486/HI
 mprj.synapse_matrix_inst.X1_inst_487/HI
 mprj.synapse_matrix_inst.X1_inst_488/HI
 mprj.synapse_matrix_inst.X1_inst_489/HI
 mprj.synapse_matrix_inst.X1_inst_490/HI
 mprj.synapse_matrix_inst.X1_inst_491/HI
 mprj.synapse_matrix_inst.X1_inst_492/HI
 mprj.synapse_matrix_inst.X1_inst_493/HI
 mprj.synapse_matrix_inst.X1_inst_494/HI
 mprj.synapse_matrix_inst.X1_inst_665/LO
 mprj.synapse_matrix_inst.X1_inst_666/LO
 mprj.synapse_matrix_inst.X1_inst_667/LO
 user_project_wrapper_495/HI
 user_project_wrapper_496/HI
 user_project_wrapper_497/HI
 user_project_wrapper_498/HI
 user_project_wrapper_499/HI
 user_project_wrapper_500/HI
 user_project_wrapper_501/HI
 user_project_wrapper_502/HI
 user_project_wrapper_503/HI
 user_project_wrapper_504/HI
 user_project_wrapper_505/HI
 user_project_wrapper_506/HI
 user_project_wrapper_507/HI
 user_project_wrapper_508/HI
 user_project_wrapper_509/HI
 user_project_wrapper_510/HI
 user_project_wrapper_511/HI
 user_project_wrapper_512/HI
 user_project_wrapper_513/HI
 user_project_wrapper_514/HI
 user_project_wrapper_515/HI
 user_project_wrapper_516/HI
 user_project_wrapper_517/HI
 user_project_wrapper_518/HI
 user_project_wrapper_519/HI
 user_project_wrapper_520/HI
 user_project_wrapper_521/HI
 user_project_wrapper_522/HI
 user_project_wrapper_523/HI
 user_project_wrapper_524/HI
 user_project_wrapper_525/HI
 user_project_wrapper_526/HI
 user_project_wrapper_527/HI
 user_project_wrapper_528/HI
 user_project_wrapper_529/HI
 user_project_wrapper_530/HI
 user_project_wrapper_531/HI
 user_project_wrapper_532/HI
 user_project_wrapper_533/HI
 user_project_wrapper_534/HI
 user_project_wrapper_535/HI
 user_project_wrapper_536/HI
 user_project_wrapper_537/HI
 user_project_wrapper_538/HI
 user_project_wrapper_539/HI
 user_project_wrapper_540/HI
 user_project_wrapper_541/HI
 user_project_wrapper_542/HI
 user_project_wrapper_543/HI
 user_project_wrapper_544/HI
 user_project_wrapper_545/HI
 user_project_wrapper_546/HI
 user_project_wrapper_547/HI
 user_project_wrapper_548/HI
 user_project_wrapper_549/HI
 user_project_wrapper_550/HI
 user_project_wrapper_551/HI
 user_project_wrapper_552/HI
 user_project_wrapper_553/HI
 user_project_wrapper_554/HI
 user_project_wrapper_555/HI
 user_project_wrapper_556/HI
 user_project_wrapper_557/HI
 user_project_wrapper_558/HI
 user_project_wrapper_559/HI
 user_project_wrapper_560/HI
 user_project_wrapper_561/HI
 user_project_wrapper_562/HI
 user_project_wrapper_563/HI
 user_project_wrapper_564/HI
 user_project_wrapper_565/HI
 user_project_wrapper_566/HI
 user_project_wrapper_567/HI
 user_project_wrapper_568/HI
 user_project_wrapper_569/HI
 user_project_wrapper_570/HI
 user_project_wrapper_571/HI
 user_project_wrapper_572/HI
 user_project_wrapper_573/HI
 user_project_wrapper_574/HI
 user_project_wrapper_575/HI
 user_project_wrapper_576/HI
 user_project_wrapper_577/HI
 user_project_wrapper_578/HI
 user_project_wrapper_579/HI
 user_project_wrapper_580/HI
 user_project_wrapper_581/HI
 user_project_wrapper_582/HI
 user_project_wrapper_583/HI
 user_project_wrapper_584/HI
 user_project_wrapper_585/HI
 user_project_wrapper_586/HI
 user_project_wrapper_587/HI
 user_project_wrapper_588/HI
 user_project_wrapper_589/HI
 user_project_wrapper_590/HI
 user_project_wrapper_591/HI
 user_project_wrapper_592/HI
 user_project_wrapper_593/HI
 user_project_wrapper_594/HI
 user_project_wrapper_595/HI
 user_project_wrapper_596/HI
 user_project_wrapper_597/HI
 user_project_wrapper_598/HI
 user_project_wrapper_599/HI
 user_project_wrapper_600/HI
 user_project_wrapper_601/HI
 user_project_wrapper_602/HI
 user_project_wrapper_603/HI
 user_project_wrapper_604/HI
 user_project_wrapper_605/HI
 user_project_wrapper_606/HI
 user_project_wrapper_607/HI
 user_project_wrapper_608/HI
 user_project_wrapper_609/HI
 user_project_wrapper_610/HI
 user_project_wrapper_611/HI
 user_project_wrapper_612/HI
 user_project_wrapper_613/HI
 user_project_wrapper_614/HI
 user_project_wrapper_615/HI
 user_project_wrapper_616/HI
 user_project_wrapper_617/HI
 user_project_wrapper_618/HI
 user_project_wrapper_619/HI
 user_project_wrapper_620/HI
 user_project_wrapper_621/HI
 user_project_wrapper_622/HI
 user_project_wrapper_623/HI
 user_project_wrapper_624/HI
 user_project_wrapper_625/HI
 user_project_wrapper_626/HI
 user_project_wrapper_627/HI
 user_project_wrapper_628/HI
 user_project_wrapper_629/HI
 user_project_wrapper_630/HI
 user_project_wrapper_631/HI
 user_project_wrapper_632/HI
 user_project_wrapper_633/HI
 user_project_wrapper_634/HI
 user_project_wrapper_635/HI
 user_project_wrapper_636/HI
 user_project_wrapper_637/HI
 user_project_wrapper_638/HI
 user_project_wrapper_639/HI
 user_project_wrapper_640/HI
 user_project_wrapper_641/HI
 user_project_wrapper_642/HI
 user_project_wrapper_643/HI
 user_project_wrapper_644/HI
 user_project_wrapper_645/HI
 user_project_wrapper_646/HI
 user_project_wrapper_647/HI
 user_project_wrapper_648/HI
 user_project_wrapper_649/HI
 user_project_wrapper_650/HI
 user_project_wrapper_651/HI
 user_project_wrapper_652/HI
 user_project_wrapper_653/HI
 user_project_wrapper_654/HI
 user_project_wrapper_655/HI
 user_project_wrapper_656/HI
 user_project_wrapper_657/HI
 user_project_wrapper_658/HI
 user_project_wrapper_659/HI
 user_project_wrapper_660/HI
 user_project_wrapper_661/HI
 user_project_wrapper_662/HI
 user_project_wrapper_663/HI
 user_project_wrapper_664/HI
 user_project_wrapper_668/LO
 user_project_wrapper_669/LO
 user_project_wrapper_670/LO
 user_project_wrapper_671/LO
 user_project_wrapper_672/LO
 user_project_wrapper_673/LO
 user_project_wrapper_674/LO
 user_project_wrapper_675/LO
 user_project_wrapper_676/LO
 user_project_wrapper_677/LO
 user_project_wrapper_678/LO
 user_project_wrapper_679/LO
 user_project_wrapper_680/LO
 user_project_wrapper_681/LO
 user_project_wrapper_682/LO
 user_project_wrapper_683/LO
 user_project_wrapper_684/LO
 user_project_wrapper_685/LO
 user_project_wrapper_686/LO
 user_project_wrapper_687/LO
 user_project_wrapper_688/LO
 user_project_wrapper_689/LO
 user_project_wrapper_690/LO
 user_project_wrapper_691/LO
 user_project_wrapper_692/LO
Found 0 partially unannotated drivers.

===========================================================================
max slew violation count 170
max fanout violation count 52
max cap violation count 17
============================================================================

===========================================================================
check_setup -verbose -unconstrained_endpoints -multiple_clock -no_clock -no_input_delay -loops -generated_clocks
===========================================================================
Warning: There are 68 input ports missing set_input_delay.
  analog_io[0]
  analog_io[10]
  analog_io[11]
  analog_io[12]
  analog_io[13]
  analog_io[14]
  analog_io[15]
  analog_io[16]
  analog_io[17]
  analog_io[18]
  analog_io[19]
  analog_io[1]
  analog_io[20]
  analog_io[21]
  analog_io[22]
  analog_io[23]
  analog_io[24]
  analog_io[25]
  analog_io[26]
  analog_io[27]
  analog_io[28]
  analog_io[2]
  analog_io[3]
  analog_io[4]
  analog_io[5]
  analog_io[6]
  analog_io[7]
  analog_io[8]
  analog_io[9]
  io_in[0]
  io_in[10]
  io_in[11]
  io_in[12]
  io_in[13]
  io_in[14]
  io_in[15]
  io_in[16]
  io_in[17]
  io_in[18]
  io_in[19]
  io_in[1]
  io_in[20]
  io_in[21]
  io_in[22]
  io_in[23]
  io_in[24]
  io_in[25]
  io_in[26]
  io_in[27]
  io_in[28]
  io_in[29]
  io_in[2]
  io_in[30]
  io_in[31]
  io_in[32]
  io_in[33]
  io_in[34]
  io_in[35]
  io_in[36]
  io_in[37]
  io_in[3]
  io_in[4]
  io_in[5]
  io_in[6]
  io_in[7]
  io_in[8]
  io_in[9]
  user_clock2
Warning: There are 380 unclocked register/latch pins.
  _10106_/CLK
  _10107_/CLK
  _10108_/CLK
  _10109_/CLK
  _10110_/CLK
  _10111_/CLK
  _10112_/CLK
  _10113_/CLK
  _10114_/CLK
  _10115_/CLK
  _10116_/CLK
  _10117_/CLK
  _10118_/CLK
  _10119_/CLK
  _10120_/CLK
  _10121_/CLK
  _10122_/CLK
  _10123_/CLK
  _10124_/CLK
  _10125_/CLK
  _10126_/CLK
  _10127_/CLK
  _10128_/CLK
  _10129_/CLK
  _10130_/CLK
  _10131_/CLK
  _10132_/CLK
  _10133_/CLK
  _10134_/CLK
  _10135_/CLK
  _10136_/CLK
  _10137_/CLK
  _10138_/CLK
  _10139_/CLK
  _10140_/CLK
  _10141_/CLK
  _10142_/CLK
  _10143_/CLK
  _10144_/CLK
  _10145_/CLK
  _10146_/CLK
  _10147_/CLK
  _10148_/CLK
  _10149_/CLK
  _10150_/CLK
  _10151_/CLK
  _10152_/CLK
  _10153_/CLK
  _10154_/CLK
  _10155_/CLK
  _10156_/CLK
  _10157_/CLK
  _10158_/CLK
  _10159_/CLK
  _10160_/CLK
  _10161_/CLK
  _10162_/CLK
  _10163_/CLK
  _10164_/CLK
  _10165_/CLK
  _10166_/CLK
  _10167_/CLK
  _10168_/CLK
  _10169_/CLK
  _10170_/CLK
  _10171_/CLK
  _10172_/CLK
  _10173_/CLK
  _10174_/CLK
  _10175_/CLK
  _10176_/CLK
  _10177_/CLK
  _10178_/CLK
  _10179_/CLK
  _10180_/CLK
  _10181_/CLK
  _10182_/CLK
  _10183_/CLK
  _10184_/CLK
  _10185_/CLK
  _10186_/CLK
  _10187_/CLK
  _10188_/CLK
  _10189_/CLK
  _10190_/CLK
  _10191_/CLK
  _10192_/CLK
  _10193_/CLK
  _10194_/CLK
  _10195_/CLK
  _10196_/CLK
  _10197_/CLK
  _10198_/CLK
  _10199_/CLK
  _10200_/CLK
  _10201_/CLK
  _10202_/CLK
  _10203_/CLK
  _10204_/CLK
  _10205_/CLK
  _10206_/CLK
  _10207_/CLK
  _10208_/CLK
  _10209_/CLK
  _10210_/CLK
  _10211_/CLK
  _10212_/CLK
  _10213_/CLK
  _10214_/CLK
  _10215_/CLK
  _10216_/CLK
  _10217_/CLK
  _10218_/CLK
  _10219_/CLK
  _10220_/CLK
  _10221_/CLK
  _10222_/CLK
  _10223_/CLK
  _10224_/CLK
  _10225_/CLK
  _10226_/CLK
  _10227_/CLK
  _10228_/CLK
  _10229_/CLK
  _10230_/CLK
  _10231_/CLK
  _10232_/CLK
  _10233_/CLK
  _10234_/CLK
  _10235_/CLK
  _10236_/CLK
  _10237_/CLK
  _10238_/CLK
  _10239_/CLK
  _10240_/CLK
  _10241_/CLK
  _10242_/CLK
  _10243_/CLK
  _10244_/CLK
  _10245_/CLK
  _10246_/CLK
  _10247_/CLK
  _10248_/CLK
  _10249_/CLK
  _10250_/CLK
  _10251_/CLK
  _10252_/CLK
  _10253_/CLK
  _10254_/CLK
  _10255_/CLK
  _10256_/CLK
  _10257_/CLK
  _10258_/CLK
  _10259_/CLK
  _10260_/CLK
  _10261_/CLK
  _10262_/CLK
  _10263_/CLK
  _10264_/CLK
  _10265_/CLK
  _10266_/CLK
  _10267_/CLK
  _10268_/CLK
  _10269_/CLK
  _10270_/CLK
  _10271_/CLK
  _10272_/CLK
  _10273_/CLK
  _10274_/CLK
  _10275_/CLK
  _10276_/CLK
  _10277_/CLK
  _10278_/CLK
  _10279_/CLK
  _10280_/CLK
  _10281_/CLK
  _10282_/CLK
  _10283_/CLK
  _10284_/CLK
  _10285_/CLK
  _10286_/CLK
  _10287_/CLK
  _10288_/CLK
  _10289_/CLK
  _10290_/CLK
  _10291_/CLK
  _10292_/CLK
  _10293_/CLK
  _10294_/CLK
  _10295_/CLK
  _10296_/CLK
  _10297_/CLK
  _10298_/CLK
  _10299_/CLK
  _10300_/CLK
  _10301_/CLK
  _10302_/CLK
  _10303_/CLK
  _10304_/CLK
  _10305_/CLK
  _10306_/CLK
  _10307_/CLK
  _10308_/CLK
  _10309_/CLK
  _10310_/CLK
  _10311_/CLK
  _10312_/CLK
  _10313_/CLK
  _10314_/CLK
  _10315_/CLK
  _10316_/CLK
  _10317_/CLK
  _10318_/CLK
  _10319_/CLK
  _10320_/CLK
  _10321_/CLK
  _10322_/CLK
  _10323_/CLK
  _10324_/CLK
  _10325_/CLK
  _10326_/CLK
  _10327_/CLK
  _10328_/CLK
  _10329_/CLK
  _10330_/CLK
  _10331_/CLK
  _10332_/CLK
  _10333_/CLK
  _10334_/CLK
  _10335_/CLK
  _10336_/CLK
  _10337_/CLK
  _10338_/CLK
  _10339_/CLK
  _10340_/CLK
  _10341_/CLK
  _10342_/CLK
  _10343_/CLK
  _10344_/CLK
  _10345_/CLK
  _10346_/CLK
  _10347_/CLK
  _10348_/CLK
  _10349_/CLK
  _10350_/CLK
  _10351_/CLK
  _10352_/CLK
  _10353_/CLK
  _10354_/CLK
  _10355_/CLK
  _10356_/CLK
  _10357_/CLK
  _10358_/CLK
  _10359_/CLK
  _10360_/CLK
  _10361_/CLK
  _10362_/CLK
  _10363_/CLK
  _10364_/CLK
  _10365_/CLK
  _10366_/CLK
  _10367_/CLK
  _10368_/CLK
  _10369_/CLK
  _10370_/CLK
  _10371_/CLK
  _10372_/CLK
  _10373_/CLK
  _10374_/CLK
  _10375_/CLK
  _10376_/CLK
  _10377_/CLK
  _10378_/CLK
  _10379_/CLK
  _10380_/CLK
  _10381_/CLK
  _10382_/CLK
  _10383_/CLK
  _10384_/CLK
  _10393_/CLK
  _10394_/CLK
  _10395_/CLK
  _10396_/CLK
  _10397_/CLK
  _10398_/CLK
  _10399_/CLK
  _10400_/CLK
  _10401_/CLK
  _10402_/CLK
  _10403_/CLK
  _10404_/CLK
  _10405_/CLK
  _10406_/CLK
  _10407_/CLK
  _10408_/CLK
  _10409_/CLK
  _10410_/CLK
  _10411_/CLK
  _10412_/CLK
  _10413_/CLK
  _10414_/CLK
  _10415_/CLK
  _10416_/CLK
  _10417_/CLK
  _10418_/CLK
  _10419_/CLK
  _10420_/CLK
  _10421_/CLK
  _10422_/CLK
  _10423_/CLK
  _10424_/CLK
  _10425_/CLK
  _10426_/CLK
  _10427_/CLK
  _10428_/CLK
  _10429_/CLK
  _10430_/CLK
  _10431_/CLK
  _10432_/CLK
  _10433_/CLK
  _10434_/CLK
  _10435_/CLK
  _10436_/CLK
  _10437_/CLK
  _10438_/CLK
  _10439_/CLK
  _10440_/CLK
  _10441_/CLK
  _10442_/CLK
  _10443_/CLK
  _10444_/CLK
  _10445_/CLK
  _10446_/CLK
  _10447_/CLK
  _10448_/CLK
  _10449_/CLK
  _10450_/CLK
  _10451_/CLK
  _10452_/CLK
  _10453_/CLK
  _10454_/CLK
  _10455_/CLK
  _10456_/CLK
  _10457_/CLK
  _10458_/CLK
  _10459_/CLK
  _10460_/CLK
  _10461_/CLK
  _10462_/CLK
  _10463_/CLK
  _10464_/CLK
  _10465_/CLK
  _10466_/CLK
  _10467_/CLK
  _10468_/CLK
  _10469_/CLK
  _10470_/CLK
  _10471_/CLK
  _10472_/CLK
  _10473_/CLK
  _10474_/CLK
  _10475_/CLK
  _10476_/CLK
  _10477_/CLK
  _10478_/CLK
  _10479_/CLK
  _10480_/CLK
  _10481_/CLK
  _10482_/CLK
  _10483_/CLK
  _10484_/CLK
  _10485_/CLK
  _10486_/CLK
  _10487_/CLK
  _10488_/CLK
  _10489_/CLK
  _10490_/CLK
  _10491_/CLK
  _11579_/CLK
  _11580_/CLK
Warning: There are 648 unconstrained endpoints.
  analog_io[0]
  analog_io[10]
  analog_io[11]
  analog_io[12]
  analog_io[13]
  analog_io[14]
  analog_io[15]
  analog_io[16]
  analog_io[17]
  analog_io[18]
  analog_io[19]
  analog_io[1]
  analog_io[20]
  analog_io[21]
  analog_io[22]
  analog_io[23]
  analog_io[24]
  analog_io[25]
  analog_io[26]
  analog_io[27]
  analog_io[28]
  analog_io[2]
  analog_io[3]
  analog_io[4]
  analog_io[5]
  analog_io[6]
  analog_io[7]
  analog_io[8]
  analog_io[9]
  io_oeb[0]
  io_oeb[10]
  io_oeb[11]
  io_oeb[12]
  io_oeb[13]
  io_oeb[14]
  io_oeb[15]
  io_oeb[16]
  io_oeb[17]
  io_oeb[18]
  io_oeb[19]
  io_oeb[1]
  io_oeb[20]
  io_oeb[21]
  io_oeb[22]
  io_oeb[23]
  io_oeb[24]
  io_oeb[25]
  io_oeb[26]
  io_oeb[27]
  io_oeb[28]
  io_oeb[29]
  io_oeb[2]
  io_oeb[30]
  io_oeb[31]
  io_oeb[32]
  io_oeb[33]
  io_oeb[34]
  io_oeb[35]
  io_oeb[36]
  io_oeb[37]
  io_oeb[3]
  io_oeb[4]
  io_oeb[5]
  io_oeb[6]
  io_oeb[7]
  io_oeb[8]
  io_oeb[9]
  io_out[0]
  io_out[10]
  io_out[11]
  io_out[12]
  io_out[13]
  io_out[14]
  io_out[15]
  io_out[16]
  io_out[17]
  io_out[18]
  io_out[19]
  io_out[1]
  io_out[20]
  io_out[21]
  io_out[22]
  io_out[23]
  io_out[24]
  io_out[25]
  io_out[26]
  io_out[27]
  io_out[28]
  io_out[29]
  io_out[2]
  io_out[30]
  io_out[31]
  io_out[32]
  io_out[33]
  io_out[34]
  io_out[35]
  io_out[36]
  io_out[37]
  io_out[3]
  io_out[4]
  io_out[5]
  io_out[6]
  io_out[7]
  io_out[8]
  io_out[9]
  la_data_out[0]
  la_data_out[100]
  la_data_out[101]
  la_data_out[102]
  la_data_out[103]
  la_data_out[104]
  la_data_out[105]
  la_data_out[106]
  la_data_out[107]
  la_data_out[108]
  la_data_out[109]
  la_data_out[10]
  la_data_out[110]
  la_data_out[111]
  la_data_out[112]
  la_data_out[113]
  la_data_out[114]
  la_data_out[115]
  la_data_out[116]
  la_data_out[117]
  la_data_out[118]
  la_data_out[119]
  la_data_out[11]
  la_data_out[120]
  la_data_out[121]
  la_data_out[122]
  la_data_out[123]
  la_data_out[124]
  la_data_out[125]
  la_data_out[126]
  la_data_out[127]
  la_data_out[12]
  la_data_out[13]
  la_data_out[14]
  la_data_out[15]
  la_data_out[16]
  la_data_out[17]
  la_data_out[18]
  la_data_out[19]
  la_data_out[1]
  la_data_out[20]
  la_data_out[21]
  la_data_out[22]
  la_data_out[23]
  la_data_out[24]
  la_data_out[25]
  la_data_out[26]
  la_data_out[27]
  la_data_out[28]
  la_data_out[29]
  la_data_out[2]
  la_data_out[30]
  la_data_out[31]
  la_data_out[32]
  la_data_out[33]
  la_data_out[34]
  la_data_out[35]
  la_data_out[36]
  la_data_out[37]
  la_data_out[38]
  la_data_out[39]
  la_data_out[3]
  la_data_out[40]
  la_data_out[41]
  la_data_out[42]
  la_data_out[43]
  la_data_out[44]
  la_data_out[45]
  la_data_out[46]
  la_data_out[47]
  la_data_out[48]
  la_data_out[49]
  la_data_out[4]
  la_data_out[50]
  la_data_out[51]
  la_data_out[52]
  la_data_out[53]
  la_data_out[54]
  la_data_out[55]
  la_data_out[56]
  la_data_out[57]
  la_data_out[58]
  la_data_out[59]
  la_data_out[5]
  la_data_out[60]
  la_data_out[61]
  la_data_out[62]
  la_data_out[63]
  la_data_out[64]
  la_data_out[65]
  la_data_out[66]
  la_data_out[67]
  la_data_out[68]
  la_data_out[69]
  la_data_out[6]
  la_data_out[70]
  la_data_out[71]
  la_data_out[72]
  la_data_out[73]
  la_data_out[74]
  la_data_out[75]
  la_data_out[76]
  la_data_out[77]
  la_data_out[78]
  la_data_out[79]
  la_data_out[7]
  la_data_out[80]
  la_data_out[81]
  la_data_out[82]
  la_data_out[83]
  la_data_out[84]
  la_data_out[85]
  la_data_out[86]
  la_data_out[87]
  la_data_out[88]
  la_data_out[89]
  la_data_out[8]
  la_data_out[90]
  la_data_out[91]
  la_data_out[92]
  la_data_out[93]
  la_data_out[94]
  la_data_out[95]
  la_data_out[96]
  la_data_out[97]
  la_data_out[98]
  la_data_out[99]
  la_data_out[9]
  user_irq[0]
  user_irq[1]
  user_irq[2]
  _10106_/D
  _10107_/D
  _10108_/D
  _10109_/D
  _10110_/D
  _10111_/D
  _10112_/D
  _10113_/D
  _10114_/D
  _10115_/D
  _10116_/D
  _10117_/D
  _10118_/D
  _10119_/D
  _10120_/D
  _10121_/D
  _10122_/D
  _10123_/D
  _10124_/D
  _10125_/D
  _10126_/D
  _10127_/D
  _10128_/D
  _10129_/D
  _10130_/D
  _10131_/D
  _10132_/D
  _10133_/D
  _10134_/D
  _10135_/D
  _10136_/D
  _10137_/D
  _10138_/D
  _10139_/D
  _10140_/D
  _10141_/D
  _10142_/D
  _10143_/D
  _10144_/D
  _10145_/D
  _10146_/D
  _10147_/D
  _10148_/D
  _10149_/D
  _10150_/D
  _10151_/D
  _10152_/D
  _10153_/D
  _10154_/D
  _10155_/D
  _10156_/D
  _10157_/D
  _10158_/D
  _10159_/D
  _10160_/D
  _10161_/D
  _10162_/D
  _10163_/D
  _10164_/D
  _10165_/D
  _10166_/D
  _10167_/D
  _10168_/D
  _10169_/D
  _10170_/D
  _10171_/D
  _10172_/D
  _10173_/D
  _10174_/D
  _10175_/D
  _10176_/D
  _10177_/D
  _10178_/D
  _10179_/D
  _10180_/D
  _10181_/D
  _10182_/D
  _10183_/D
  _10184_/D
  _10185_/D
  _10186_/D
  _10187_/D
  _10188_/D
  _10189_/D
  _10190_/D
  _10191_/D
  _10192_/D
  _10193_/D
  _10194_/D
  _10195_/D
  _10196_/D
  _10197_/D
  _10198_/D
  _10199_/D
  _10200_/D
  _10201_/D
  _10202_/D
  _10203_/D
  _10204_/D
  _10205_/D
  _10206_/D
  _10207_/D
  _10208_/D
  _10209_/D
  _10210_/D
  _10211_/D
  _10212_/D
  _10213_/D
  _10214_/D
  _10215_/D
  _10216_/D
  _10217_/D
  _10218_/D
  _10219_/D
  _10220_/D
  _10221_/D
  _10222_/D
  _10223_/D
  _10224_/D
  _10225_/D
  _10226_/D
  _10227_/D
  _10228_/D
  _10229_/D
  _10230_/D
  _10231_/D
  _10232_/D
  _10233_/D
  _10234_/D
  _10235_/D
  _10236_/D
  _10237_/D
  _10238_/D
  _10239_/D
  _10240_/D
  _10241_/D
  _10242_/D
  _10243_/D
  _10244_/D
  _10245_/D
  _10246_/D
  _10247_/D
  _10248_/D
  _10249_/D
  _10250_/D
  _10251_/D
  _10252_/D
  _10253_/D
  _10254_/D
  _10255_/D
  _10256_/D
  _10257_/D
  _10258_/D
  _10259_/D
  _10260_/D
  _10261_/D
  _10262_/D
  _10263_/D
  _10264_/D
  _10265_/D
  _10266_/D
  _10267_/D
  _10268_/D
  _10269_/D
  _10270_/D
  _10271_/D
  _10272_/D
  _10273_/D
  _10274_/D
  _10275_/D
  _10276_/D
  _10277_/D
  _10278_/D
  _10279_/D
  _10280_/D
  _10281_/D
  _10282_/D
  _10283_/D
  _10284_/D
  _10285_/D
  _10286_/D
  _10287_/D
  _10288_/D
  _10289_/D
  _10290_/D
  _10291_/D
  _10292_/D
  _10293_/D
  _10294_/D
  _10295_/D
  _10296_/D
  _10297_/D
  _10298_/D
  _10299_/D
  _10300_/D
  _10301_/D
  _10302_/D
  _10303_/D
  _10304_/D
  _10305_/D
  _10306_/D
  _10307_/D
  _10308_/D
  _10309_/D
  _10310_/D
  _10311_/D
  _10312_/D
  _10313_/D
  _10314_/D
  _10315_/D
  _10316_/D
  _10317_/D
  _10318_/D
  _10319_/D
  _10320_/D
  _10321_/D
  _10322_/D
  _10323_/D
  _10324_/D
  _10325_/D
  _10326_/D
  _10327_/D
  _10328_/D
  _10329_/D
  _10330_/D
  _10331_/D
  _10332_/D
  _10333_/D
  _10334_/D
  _10335_/D
  _10336_/D
  _10337_/D
  _10338_/D
  _10339_/D
  _10340_/D
  _10341_/D
  _10342_/D
  _10343_/D
  _10344_/D
  _10345_/D
  _10346_/D
  _10347_/D
  _10348_/D
  _10349_/D
  _10350_/D
  _10351_/D
  _10352_/D
  _10353_/D
  _10354_/D
  _10355_/D
  _10356_/D
  _10357_/D
  _10358_/D
  _10359_/D
  _10360_/D
  _10361_/D
  _10362_/D
  _10363_/D
  _10364_/D
  _10365_/D
  _10366_/D
  _10367_/D
  _10368_/D
  _10369_/D
  _10370_/D
  _10371_/D
  _10372_/D
  _10373_/D
  _10374_/D
  _10375_/D
  _10376_/D
  _10377_/D
  _10378_/D
  _10379_/D
  _10380_/D
  _10381_/D
  _10382_/D
  _10383_/D
  _10384_/D
  _10393_/D
  _10394_/D
  _10395_/D
  _10396_/D
  _10397_/D
  _10398_/D
  _10399_/D
  _10400_/D
  _10401_/D
  _10402_/D
  _10403_/D
  _10404_/D
  _10405_/D
  _10406_/D
  _10407_/D
  _10408_/D
  _10409_/D
  _10410_/D
  _10411_/D
  _10412_/D
  _10413_/D
  _10414_/D
  _10415_/D
  _10416_/D
  _10417_/D
  _10418_/D
  _10419_/D
  _10420_/D
  _10421_/D
  _10422_/D
  _10423_/D
  _10424_/D
  _10425_/D
  _10426_/D
  _10427_/D
  _10428_/D
  _10429_/D
  _10430_/D
  _10431_/D
  _10432_/D
  _10433_/D
  _10434_/D
  _10435_/D
  _10436_/D
  _10437_/D
  _10438_/D
  _10439_/D
  _10440_/D
  _10441_/D
  _10442_/D
  _10443_/D
  _10444_/D
  _10445_/D
  _10446_/D
  _10447_/D
  _10448_/D
  _10449_/D
  _10450_/D
  _10451_/D
  _10452_/D
  _10453_/D
  _10454_/D
  _10455_/D
  _10456_/D
  _10457_/D
  _10458_/D
  _10459_/D
  _10460_/D
  _10461_/D
  _10462_/D
  _10463_/D
  _10464_/D
  _10465_/D
  _10466_/D
  _10467_/D
  _10468_/D
  _10469_/D
  _10470_/D
  _10471_/D
  _10472_/D
  _10473_/D
  _10474_/D
  _10475_/D
  _10476_/D
  _10477_/D
  _10478_/D
  _10479_/D
  _10480_/D
  _10481_/D
  _10482_/D
  _10483_/D
  _10484_/D
  _10485_/D
  _10486_/D
  _10487_/D
  _10488_/D
  _10489_/D
  _10490_/D
  _10491_/D
  _11579_/D
  _11580_/D
  mprj.synapse_matrix_inst.X1_inst/wbs_adr_i[0]
  mprj.synapse_matrix_inst.X1_inst/wbs_adr_i[10]
  mprj.synapse_matrix_inst.X1_inst/wbs_adr_i[11]
  mprj.synapse_matrix_inst.X1_inst/wbs_adr_i[12]
  mprj.synapse_matrix_inst.X1_inst/wbs_adr_i[13]
  mprj.synapse_matrix_inst.X1_inst/wbs_adr_i[14]
  mprj.synapse_matrix_inst.X1_inst/wbs_adr_i[15]
  mprj.synapse_matrix_inst.X1_inst/wbs_adr_i[16]
  mprj.synapse_matrix_inst.X1_inst/wbs_adr_i[17]
  mprj.synapse_matrix_inst.X1_inst/wbs_adr_i[18]
  mprj.synapse_matrix_inst.X1_inst/wbs_adr_i[19]
  mprj.synapse_matrix_inst.X1_inst/wbs_adr_i[1]
  mprj.synapse_matrix_inst.X1_inst/wbs_adr_i[20]
  mprj.synapse_matrix_inst.X1_inst/wbs_adr_i[21]
  mprj.synapse_matrix_inst.X1_inst/wbs_adr_i[22]
  mprj.synapse_matrix_inst.X1_inst/wbs_adr_i[23]
  mprj.synapse_matrix_inst.X1_inst/wbs_adr_i[24]
  mprj.synapse_matrix_inst.X1_inst/wbs_adr_i[25]
  mprj.synapse_matrix_inst.X1_inst/wbs_adr_i[26]
  mprj.synapse_matrix_inst.X1_inst/wbs_adr_i[27]
  mprj.synapse_matrix_inst.X1_inst/wbs_adr_i[28]
  mprj.synapse_matrix_inst.X1_inst/wbs_adr_i[29]
  mprj.synapse_matrix_inst.X1_inst/wbs_adr_i[2]
  mprj.synapse_matrix_inst.X1_inst/wbs_adr_i[30]
  mprj.synapse_matrix_inst.X1_inst/wbs_adr_i[31]
  mprj.synapse_matrix_inst.X1_inst/wbs_adr_i[3]
  mprj.synapse_matrix_inst.X1_inst/wbs_adr_i[4]
  mprj.synapse_matrix_inst.X1_inst/wbs_adr_i[5]
  mprj.synapse_matrix_inst.X1_inst/wbs_adr_i[6]
  mprj.synapse_matrix_inst.X1_inst/wbs_adr_i[7]
  mprj.synapse_matrix_inst.X1_inst/wbs_adr_i[8]
  mprj.synapse_matrix_inst.X1_inst/wbs_adr_i[9]
