"input" in: sky130A_mr.drc:182
    Polygons (raw): 713900 (flat)  411 (hierarchical)
    Elapsed: 0.300s  Memory: 1138.00M
"polygons" in: sky130A_mr.drc:183
    Polygons (raw): 171058 (flat)  2 (hierarchical)
    Elapsed: 0.210s  Memory: 1138.00M
"polygons" in: sky130A_mr.drc:184
    Polygons (raw): 699077 (flat)  150 (hierarchical)
    Elapsed: 0.150s  Memory: 1138.00M
"polygons" in: sky130A_mr.drc:185
    Polygons (raw): 0 (flat)  0 (hierarchical)
    Elapsed: 0.020s  Memory: 1138.00M
"polygons" in: sky130A_mr.drc:186
    Polygons (raw): 0 (flat)  0 (hierarchical)
    Elapsed: 0.000s  Memory: 1138.00M
"polygons" in: sky130A_mr.drc:187
    Polygons (raw): 0 (flat)  0 (hierarchical)
    Elapsed: 0.000s  Memory: 1138.00M
"polygons" in: sky130A_mr.drc:188
    Polygons (raw): 0 (flat)  0 (hierarchical)
    Elapsed: 0.000s  Memory: 1138.00M
"polygons" in: sky130A_mr.drc:189
    Polygons (raw): 0 (flat)  0 (hierarchical)
    Elapsed: 0.020s  Memory: 1138.00M
"polygons" in: sky130A_mr.drc:190
    Polygons (raw): 699423 (flat)  156 (hierarchical)
    Elapsed: 0.140s  Memory: 1138.00M
"polygons" in: sky130A_mr.drc:191
    Polygons (raw): 0 (flat)  0 (hierarchical)
    Elapsed: 0.020s  Memory: 1138.00M
"polygons" in: sky130A_mr.drc:192
    Polygons (raw): 0 (flat)  0 (hierarchical)
    Elapsed: 0.000s  Memory: 1138.00M
"polygons" in: sky130A_mr.drc:193
    Polygons (raw): 0 (flat)  0 (hierarchical)
    Elapsed: 0.000s  Memory: 1138.00M
"polygons" in: sky130A_mr.drc:194
    Polygons (raw): 0 (flat)  0 (hierarchical)
    Elapsed: 0.000s  Memory: 1138.00M
"polygons" in: sky130A_mr.drc:195
    Polygons (raw): 746539 (flat)  959 (hierarchical)
    Elapsed: 0.200s  Memory: 1138.00M
"polygons" in: sky130A_mr.drc:196
    Polygons (raw): 0 (flat)  0 (hierarchical)
    Elapsed: 0.000s  Memory: 1138.00M
"polygons" in: sky130A_mr.drc:197
    Polygons (raw): 784606 (flat)  151 (hierarchical)
    Elapsed: 0.170s  Memory: 1138.00M
"polygons" in: sky130A_mr.drc:198
    Polygons (raw): 784606 (flat)  151 (hierarchical)
    Elapsed: 0.150s  Memory: 1138.00M
"polygons" in: sky130A_mr.drc:199
    Polygons (raw): 0 (flat)  0 (hierarchical)
    Elapsed: 0.020s  Memory: 1138.00M
"polygons" in: sky130A_mr.drc:200
    Polygons (raw): 0 (flat)  0 (hierarchical)
    Elapsed: 0.000s  Memory: 1138.00M
"polygons" in: sky130A_mr.drc:201
    Polygons (raw): 354014 (flat)  182 (hierarchical)
    Elapsed: 0.180s  Memory: 1138.00M
"polygons" in: sky130A_mr.drc:202
    Polygons (raw): 3888501 (flat)  4417 (hierarchical)
    Elapsed: 0.190s  Memory: 1138.00M
"polygons" in: sky130A_mr.drc:204
    Polygons (raw): 3061758 (flat)  37805 (hierarchical)
    Elapsed: 0.190s  Memory: 1138.00M
"polygons" in: sky130A_mr.drc:205
    Polygons (raw): 0 (flat)  0 (hierarchical)
    Elapsed: 0.030s  Memory: 1138.00M
"polygons" in: sky130A_mr.drc:206
    Polygons (raw): 9658676 (flat)  38504 (hierarchical)
    Elapsed: 0.180s  Memory: 1138.00M
"polygons" in: sky130A_mr.drc:208
    Polygons (raw): 1570385 (flat)  160239 (hierarchical)
    Elapsed: 0.310s  Memory: 1138.00M
"polygons" in: sky130A_mr.drc:209
    Polygons (raw): 161131 (flat)  161131 (hierarchical)
    Elapsed: 0.350s  Memory: 1141.00M
"polygons" in: sky130A_mr.drc:211
    Polygons (raw): 84398 (flat)  84398 (hierarchical)
    Elapsed: 0.270s  Memory: 1141.00M
"polygons" in: sky130A_mr.drc:212
    Polygons (raw): 95223 (flat)  95223 (hierarchical)
    Elapsed: 0.300s  Memory: 1145.00M
"polygons" in: sky130A_mr.drc:214
    Polygons (raw): 19165 (flat)  19165 (hierarchical)
    Elapsed: 0.210s  Memory: 1145.00M
"polygons" in: sky130A_mr.drc:215
    Polygons (raw): 118820 (flat)  118820 (hierarchical)
    Elapsed: 0.320s  Memory: 1147.00M
"polygons" in: sky130A_mr.drc:217
    Polygons (raw): 641 (flat)  641 (hierarchical)
    Elapsed: 0.190s  Memory: 1147.00M
"polygons" in: sky130A_mr.drc:218
    Polygons (raw): 12568 (flat)  12568 (hierarchical)
    Elapsed: 0.230s  Memory: 1147.00M
"polygons" in: sky130A_mr.drc:220
    Polygons (raw): 187 (flat)  187 (hierarchical)
    Elapsed: 0.200s  Memory: 1147.00M
"polygons" in: sky130A_mr.drc:222
    Polygons (raw): 0 (flat)  0 (hierarchical)
    Elapsed: 0.030s  Memory: 1147.00M
"polygons" in: sky130A_mr.drc:223
    Polygons (raw): 0 (flat)  0 (hierarchical)
    Elapsed: 0.000s  Memory: 1147.00M
"polygons" in: sky130A_mr.drc:224
    Polygons (raw): 0 (flat)  0 (hierarchical)
    Elapsed: 0.000s  Memory: 1147.00M
"polygons" in: sky130A_mr.drc:225
    Polygons (raw): 0 (flat)  0 (hierarchical)
    Elapsed: 0.000s  Memory: 1147.00M
"polygons" in: sky130A_mr.drc:226
    Polygons (raw): 0 (flat)  0 (hierarchical)
    Elapsed: 0.020s  Memory: 1147.00M
"polygons" in: sky130A_mr.drc:227
    Polygons (raw): 0 (flat)  0 (hierarchical)
    Elapsed: 0.000s  Memory: 1147.00M
"polygons" in: sky130A_mr.drc:228
    Polygons (raw): 0 (flat)  0 (hierarchical)
    Elapsed: 0.000s  Memory: 1147.00M
"polygons" in: sky130A_mr.drc:229
    Polygons (raw): 0 (flat)  0 (hierarchical)
    Elapsed: 0.000s  Memory: 1147.00M
"polygons" in: sky130A_mr.drc:230
    Polygons (raw): 0 (flat)  0 (hierarchical)
    Elapsed: 0.030s  Memory: 1147.00M
"polygons" in: sky130A_mr.drc:231
    Polygons (raw): 0 (flat)  0 (hierarchical)
    Elapsed: 0.000s  Memory: 1147.00M
"polygons" in: sky130A_mr.drc:232
    Polygons (raw): 0 (flat)  0 (hierarchical)
    Elapsed: 0.000s  Memory: 1147.00M
"polygons" in: sky130A_mr.drc:233
    Polygons (raw): 0 (flat)  0 (hierarchical)
    Elapsed: 0.000s  Memory: 1147.00M
"polygons" in: sky130A_mr.drc:234
    Polygons (raw): 0 (flat)  0 (hierarchical)
    Elapsed: 0.020s  Memory: 1147.00M
"polygons" in: sky130A_mr.drc:235
    Polygons (raw): 0 (flat)  0 (hierarchical)
    Elapsed: 0.000s  Memory: 1147.00M
"polygons" in: sky130A_mr.drc:236
    Polygons (raw): 0 (flat)  0 (hierarchical)
    Elapsed: 0.010s  Memory: 1147.00M
"polygons" in: sky130A_mr.drc:237
    Polygons (raw): 0 (flat)  0 (hierarchical)
    Elapsed: 0.000s  Memory: 1147.00M
"polygons" in: sky130A_mr.drc:238
    Polygons (raw): 0 (flat)  0 (hierarchical)
    Elapsed: 0.030s  Memory: 1147.00M
"polygons" in: sky130A_mr.drc:239
    Polygons (raw): 0 (flat)  0 (hierarchical)
    Elapsed: 0.000s  Memory: 1147.00M
"polygons" in: sky130A_mr.drc:240
    Polygons (raw): 699077 (flat)  150 (hierarchical)
    Elapsed: 0.140s  Memory: 1147.00M
"polygons" in: sky130A_mr.drc:241
    Polygons (raw): 0 (flat)  0 (hierarchical)
    Elapsed: 0.020s  Memory: 1150.00M
"polygons" in: sky130A_mr.drc:242
    Polygons (raw): 0 (flat)  0 (hierarchical)
    Elapsed: 0.000s  Memory: 1150.00M
"polygons" in: sky130A_mr.drc:243
    Polygons (raw): 0 (flat)  0 (hierarchical)
    Elapsed: 0.000s  Memory: 1150.00M
"polygons" in: sky130A_mr.drc:244
    Polygons (raw): 0 (flat)  0 (hierarchical)
    Elapsed: 0.000s  Memory: 1150.00M
"polygons" in: sky130A_mr.drc:245
    Polygons (raw): 0 (flat)  0 (hierarchical)
    Elapsed: 0.030s  Memory: 1150.00M
"polygons" in: sky130A_mr.drc:246
    Polygons (raw): 0 (flat)  0 (hierarchical)
    Elapsed: 0.000s  Memory: 1150.00M
"polygons" in: sky130A_mr.drc:247
    Polygons (raw): 0 (flat)  0 (hierarchical)
    Elapsed: 0.000s  Memory: 1150.00M
"polygons" in: sky130A_mr.drc:248
    Polygons (raw): 1 (flat)  1 (hierarchical)
    Elapsed: 0.190s  Memory: 1150.00M
"polygons" in: sky130A_mr.drc:249
    Polygons (raw): 0 (flat)  0 (hierarchical)
    Elapsed: 0.030s  Memory: 1150.00M
"polygons" in: sky130A_mr.drc:250
    Polygons (raw): 0 (flat)  0 (hierarchical)
    Elapsed: 0.010s  Memory: 1150.00M
"polygons" in: sky130A_mr.drc:251
    Polygons (raw): 0 (flat)  0 (hierarchical)
    Elapsed: 0.000s  Memory: 1150.00M
"polygons" in: sky130A_mr.drc:252
    Polygons (raw): 0 (flat)  0 (hierarchical)
    Elapsed: 0.000s  Memory: 1150.00M
"polygons" in: sky130A_mr.drc:253
    Polygons (raw): 8267 (flat)  1 (hierarchical)
    Elapsed: 0.220s  Memory: 1150.00M
"polygons" in: sky130A_mr.drc:254
    Polygons (raw): 0 (flat)  0 (hierarchical)
    Elapsed: 0.000s  Memory: 1150.00M
"polygons" in: sky130A_mr.drc:255
    Polygons (raw): 0 (flat)  0 (hierarchical)
    Elapsed: 0.030s  Memory: 1150.00M
"polygons" in: sky130A_mr.drc:256
    Polygons (raw): 0 (flat)  0 (hierarchical)
    Elapsed: 0.000s  Memory: 1150.00M
"polygons" in: sky130A_mr.drc:257
    Polygons (raw): 0 (flat)  0 (hierarchical)
    Elapsed: 0.000s  Memory: 1150.00M
"polygons" in: sky130A_mr.drc:258
    Polygons (raw): 0 (flat)  0 (hierarchical)
    Elapsed: 0.000s  Memory: 1150.00M
"polygons" in: sky130A_mr.drc:259
    Polygons (raw): 0 (flat)  0 (hierarchical)
    Elapsed: 0.020s  Memory: 1150.00M
"polygons" in: sky130A_mr.drc:260
    Polygons (raw): 0 (flat)  0 (hierarchical)
    Elapsed: 0.000s  Memory: 1150.00M
"polygons" in: sky130A_mr.drc:261
    Polygons (raw): 0 (flat)  0 (hierarchical)
    Elapsed: 0.000s  Memory: 1150.00M
"polygons" in: sky130A_mr.drc:262
    Polygons (raw): 0 (flat)  0 (hierarchical)
    Elapsed: 0.010s  Memory: 1150.00M
"polygons" in: sky130A_mr.drc:263
    Polygons (raw): 0 (flat)  0 (hierarchical)
    Elapsed: 0.030s  Memory: 1150.00M
"polygons" in: sky130A_mr.drc:264
    Polygons (raw): 0 (flat)  0 (hierarchical)
    Elapsed: 0.000s  Memory: 1150.00M
"polygons" in: sky130A_mr.drc:265
    Polygons (raw): 0 (flat)  0 (hierarchical)
    Elapsed: 0.000s  Memory: 1150.00M
"polygons" in: sky130A_mr.drc:266
    Polygons (raw): 0 (flat)  0 (hierarchical)
    Elapsed: 0.000s  Memory: 1150.00M
"polygons" in: sky130A_mr.drc:267
    Polygons (raw): 0 (flat)  0 (hierarchical)
    Elapsed: 0.020s  Memory: 1150.00M
"polygons" in: sky130A_mr.drc:268
    Polygons (raw): 0 (flat)  0 (hierarchical)
    Elapsed: 0.000s  Memory: 1150.00M
"polygons" in: sky130A_mr.drc:269
    Polygons (raw): 0 (flat)  0 (hierarchical)
    Elapsed: 0.000s  Memory: 1150.00M
"polygons" in: sky130A_mr.drc:270
    Polygons (raw): 0 (flat)  0 (hierarchical)
    Elapsed: 0.000s  Memory: 1150.00M
"polygons" in: sky130A_mr.drc:271
    Polygons (raw): 0 (flat)  0 (hierarchical)
    Elapsed: 0.030s  Memory: 1150.00M
"polygons" in: sky130A_mr.drc:272
    Polygons (raw): 0 (flat)  0 (hierarchical)
    Elapsed: 0.000s  Memory: 1150.00M
"polygons" in: sky130A_mr.drc:273
    Polygons (raw): 0 (flat)  0 (hierarchical)
    Elapsed: 0.000s  Memory: 1150.00M
"polygons" in: sky130A_mr.drc:274
    Polygons (raw): 0 (flat)  0 (hierarchical)
    Elapsed: 0.000s  Memory: 1150.00M
"polygons" in: sky130A_mr.drc:275
    Polygons (raw): 0 (flat)  0 (hierarchical)
    Elapsed: 0.020s  Memory: 1150.00M
"polygons" in: sky130A_mr.drc:276
    Polygons (raw): 0 (flat)  0 (hierarchical)
    Elapsed: 0.000s  Memory: 1150.00M
"polygons" in: sky130A_mr.drc:277
    Polygons (raw): 0 (flat)  0 (hierarchical)
    Elapsed: 0.000s  Memory: 1150.00M
"merged" in: sky130A_mr.drc:279
    Polygons (raw): 0 (flat)  0 (hierarchical)
    Elapsed: 0.070s  Memory: 1150.00M
DRC section
OFFGRID-ANGLES section
"ongrid" in: sky130A_mr.drc:1677
    Edge pairs: 0 (flat)  0 (hierarchical)
    Elapsed: 0.100s  Memory: 1150.00M
"output" in: sky130A_mr.drc:1677
    Edge pairs: 0 (flat)  0 (hierarchical)
    Elapsed: 0.000s  Memory: 1150.00M
"with_angle" in: sky130A_mr.drc:1681
    Edge pairs: 0 (flat)  0 (hierarchical)
    Elapsed: 0.070s  Memory: 1150.00M
"output" in: sky130A_mr.drc:1681
    Edge pairs: 0 (flat)  0 (hierarchical)
    Elapsed: 0.100s  Memory: 1150.00M
"ongrid" in: sky130A_mr.drc:1685
    Edge pairs: 0 (flat)  0 (hierarchical)
    Elapsed: 11.880s  Memory: 1369.00M
"output" in: sky130A_mr.drc:1685
    Edge pairs: 0 (flat)  0 (hierarchical)
    Elapsed: 0.130s  Memory: 1369.00M
"with_angle" in: sky130A_mr.drc:1686
    Edge pairs: 0 (flat)  0 (hierarchical)
    Elapsed: 0.000s  Memory: 1369.00M
"output" in: sky130A_mr.drc:1686
    Edge pairs: 0 (flat)  0 (hierarchical)
    Elapsed: 0.100s  Memory: 1369.00M
"ongrid" in: sky130A_mr.drc:1690
    Edge pairs: 0 (flat)  0 (hierarchical)
    Elapsed: 0.080s  Memory: 1369.00M
"output" in: sky130A_mr.drc:1690
    Edge pairs: 0 (flat)  0 (hierarchical)
    Elapsed: 0.000s  Memory: 1369.00M
"with_angle" in: sky130A_mr.drc:1691
    Edge pairs: 0 (flat)  0 (hierarchical)
    Elapsed: 0.070s  Memory: 1369.00M
"output" in: sky130A_mr.drc:1691
    Edge pairs: 0 (flat)  0 (hierarchical)
    Elapsed: 0.120s  Memory: 1369.00M
"ongrid" in: sky130A_mr.drc:1692
    Edge pairs: 0 (flat)  0 (hierarchical)
    Elapsed: 0.080s  Memory: 1369.00M
"output" in: sky130A_mr.drc:1692
    Edge pairs: 0 (flat)  0 (hierarchical)
    Elapsed: 0.000s  Memory: 1369.00M
"with_angle" in: sky130A_mr.drc:1693
    Edge pairs: 0 (flat)  0 (hierarchical)
    Elapsed: 0.080s  Memory: 1369.00M
"output" in: sky130A_mr.drc:1693
    Edge pairs: 0 (flat)  0 (hierarchical)
    Elapsed: 0.100s  Memory: 1369.00M
"ongrid" in: sky130A_mr.drc:1694
    Edge pairs: 0 (flat)  0 (hierarchical)
    Elapsed: 10.490s  Memory: 1369.00M
"output" in: sky130A_mr.drc:1694
    Edge pairs: 0 (flat)  0 (hierarchical)
    Elapsed: 0.130s  Memory: 1369.00M
"with_angle" in: sky130A_mr.drc:1695
    Edge pairs: 0 (flat)  0 (hierarchical)
    Elapsed: 0.000s  Memory: 1369.00M
"output" in: sky130A_mr.drc:1695
    Edge pairs: 0 (flat)  0 (hierarchical)
    Elapsed: 0.100s  Memory: 1369.00M
"ongrid" in: sky130A_mr.drc:1696
    Edge pairs: 0 (flat)  0 (hierarchical)
    Elapsed: 0.080s  Memory: 1369.00M
"output" in: sky130A_mr.drc:1696
    Edge pairs: 0 (flat)  0 (hierarchical)
    Elapsed: 0.000s  Memory: 1369.00M
"with_angle" in: sky130A_mr.drc:1697
    Edge pairs: 0 (flat)  0 (hierarchical)
    Elapsed: 0.070s  Memory: 1369.00M
"output" in: sky130A_mr.drc:1697
    Edge pairs: 0 (flat)  0 (hierarchical)
    Elapsed: 0.130s  Memory: 1369.00M
"ongrid" in: sky130A_mr.drc:1698
    Edge pairs: 0 (flat)  0 (hierarchical)
    Elapsed: 0.070s  Memory: 1369.00M
"output" in: sky130A_mr.drc:1698
    Edge pairs: 0 (flat)  0 (hierarchical)
    Elapsed: 0.010s  Memory: 1369.00M
"with_angle" in: sky130A_mr.drc:1699
    Edge pairs: 0 (flat)  0 (hierarchical)
    Elapsed: 0.070s  Memory: 1369.00M
"output" in: sky130A_mr.drc:1699
    Edge pairs: 0 (flat)  0 (hierarchical)
    Elapsed: 0.100s  Memory: 1369.00M
"ongrid" in: sky130A_mr.drc:1700
    Edge pairs: 0 (flat)  0 (hierarchical)
    Elapsed: 0.100s  Memory: 1369.00M
"output" in: sky130A_mr.drc:1700
    Edge pairs: 0 (flat)  0 (hierarchical)
    Elapsed: 0.000s  Memory: 1369.00M
"with_angle" in: sky130A_mr.drc:1701
    Edge pairs: 0 (flat)  0 (hierarchical)
    Elapsed: 0.080s  Memory: 1369.00M
"output" in: sky130A_mr.drc:1701
    Edge pairs: 0 (flat)  0 (hierarchical)
    Elapsed: 0.100s  Memory: 1369.00M
"ongrid" in: sky130A_mr.drc:1702
    Edge pairs: 0 (flat)  0 (hierarchical)
    Elapsed: 1.530s  Memory: 1390.00M
"output" in: sky130A_mr.drc:1702
    Edge pairs: 0 (flat)  0 (hierarchical)
    Elapsed: 0.120s  Memory: 1390.00M
"ongrid" in: sky130A_mr.drc:1703
    Edge pairs: 0 (flat)  0 (hierarchical)
    Elapsed: 0.770s  Memory: 1390.00M
"output" in: sky130A_mr.drc:1703
    Edge pairs: 0 (flat)  0 (hierarchical)
    Elapsed: 0.130s  Memory: 1390.00M
"&" in: sky130A_mr.drc:1705
    Polygons (raw): 0 (flat)  0 (hierarchical)
    Elapsed: 0.080s  Memory: 1390.00M
"-" in: sky130A_mr.drc:1705
    Polygons (raw): 713900 (flat)  411 (hierarchical)
    Elapsed: 0.080s  Memory: 1390.00M
"with_angle" in: sky130A_mr.drc:1706
    Edge pairs: 0 (flat)  0 (hierarchical)
    Elapsed: 1.150s  Memory: 1390.00M
"output" in: sky130A_mr.drc:1707
    Edge pairs: 0 (flat)  0 (hierarchical)
    Elapsed: 0.340s  Memory: 1390.00M
"&" in: sky130A_mr.drc:1709
    Polygons (raw): 0 (flat)  0 (hierarchical)
    Elapsed: 0.080s  Memory: 1390.00M
"&" in: sky130A_mr.drc:1709
    Polygons (raw): 0 (flat)  0 (hierarchical)
    Elapsed: 0.100s  Memory: 1390.00M
"with_angle" in: sky130A_mr.drc:1710
    Edge pairs: 0 (flat)  0 (hierarchical)
    Elapsed: 0.080s  Memory: 1390.00M
"output" in: sky130A_mr.drc:1711
    Edge pairs: 0 (flat)  0 (hierarchical)
    Elapsed: 0.100s  Memory: 1390.00M
"&" in: sky130A_mr.drc:1713
    Polygons (raw): 0 (flat)  0 (hierarchical)
    Elapsed: 0.100s  Memory: 1390.00M
"-" in: sky130A_mr.drc:1713
    Polygons (raw): 171058 (flat)  2 (hierarchical)
    Elapsed: 0.080s  Memory: 1390.00M
"with_angle" in: sky130A_mr.drc:1714
    Edge pairs: 0 (flat)  0 (hierarchical)
    Elapsed: 0.410s  Memory: 1390.00M
"output" in: sky130A_mr.drc:1715
    Edge pairs: 0 (flat)  0 (hierarchical)
    Elapsed: 0.340s  Memory: 1390.00M
"&" in: sky130A_mr.drc:1717
    Polygons (raw): 0 (flat)  0 (hierarchical)
    Elapsed: 0.080s  Memory: 1390.00M
"&" in: sky130A_mr.drc:1717
    Polygons (raw): 0 (flat)  0 (hierarchical)
    Elapsed: 0.100s  Memory: 1390.00M
"with_angle" in: sky130A_mr.drc:1718
    Edge pairs: 0 (flat)  0 (hierarchical)
    Elapsed: 0.080s  Memory: 1390.00M
"output" in: sky130A_mr.drc:1719
    Edge pairs: 0 (flat)  0 (hierarchical)
    Elapsed: 0.100s  Memory: 1390.00M
"ongrid" in: sky130A_mr.drc:1720
    Edge pairs: 0 (flat)  0 (hierarchical)
    Elapsed: 0.100s  Memory: 1390.00M
"output" in: sky130A_mr.drc:1720
    Edge pairs: 0 (flat)  0 (hierarchical)
    Elapsed: 0.000s  Memory: 1390.00M
"with_angle" in: sky130A_mr.drc:1721
    Edge pairs: 0 (flat)  0 (hierarchical)
    Elapsed: 0.070s  Memory: 1390.00M
"output" in: sky130A_mr.drc:1721
    Edge pairs: 0 (flat)  0 (hierarchical)
    Elapsed: 0.100s  Memory: 1390.00M
"ongrid" in: sky130A_mr.drc:1722
    Edge pairs: 0 (flat)  0 (hierarchical)
    Elapsed: 1.530s  Memory: 1390.00M
"output" in: sky130A_mr.drc:1722
    Edge pairs: 0 (flat)  0 (hierarchical)
    Elapsed: 0.120s  Memory: 1390.00M
"with_angle" in: sky130A_mr.drc:1723
    Edge pairs: 0 (flat)  0 (hierarchical)
    Elapsed: 0.000s  Memory: 1390.00M
"output" in: sky130A_mr.drc:1723
    Edge pairs: 0 (flat)  0 (hierarchical)
    Elapsed: 0.110s  Memory: 1390.00M
"ongrid" in: sky130A_mr.drc:1724
    Edge pairs: 0 (flat)  0 (hierarchical)
    Elapsed: 0.080s  Memory: 1390.00M
"output" in: sky130A_mr.drc:1724
    Edge pairs: 0 (flat)  0 (hierarchical)
    Elapsed: 0.000s  Memory: 1390.00M
"with_angle" in: sky130A_mr.drc:1725
    Edge pairs: 0 (flat)  0 (hierarchical)
    Elapsed: 0.080s  Memory: 1390.00M
"output" in: sky130A_mr.drc:1725
    Edge pairs: 0 (flat)  0 (hierarchical)
    Elapsed: 0.120s  Memory: 1390.00M
"ongrid" in: sky130A_mr.drc:1726
    Edge pairs: 0 (flat)  0 (hierarchical)
    Elapsed: 4.290s  Memory: 1390.00M
"output" in: sky130A_mr.drc:1726
    Edge pairs: 0 (flat)  0 (hierarchical)
    Elapsed: 0.120s  Memory: 1390.00M
"with_angle" in: sky130A_mr.drc:1727
    Edge pairs: 0 (flat)  0 (hierarchical)
    Elapsed: 0.050s  Memory: 1390.00M
"output" in: sky130A_mr.drc:1727
    Edge pairs: 0 (flat)  0 (hierarchical)
    Elapsed: 0.100s  Memory: 1390.00M
"ongrid" in: sky130A_mr.drc:1728
    Edge pairs: 0 (flat)  0 (hierarchical)
    Elapsed: 12.200s  Memory: 1422.00M
"output" in: sky130A_mr.drc:1728
    Edge pairs: 0 (flat)  0 (hierarchical)
    Elapsed: 0.130s  Memory: 1422.00M
"with_angle" in: sky130A_mr.drc:1729
    Edge pairs: 0 (flat)  0 (hierarchical)
    Elapsed: 0.020s  Memory: 1422.00M
"output" in: sky130A_mr.drc:1729
    Edge pairs: 0 (flat)  0 (hierarchical)
    Elapsed: 0.100s  Memory: 1422.00M
"ongrid" in: sky130A_mr.drc:1730
    Edge pairs: 0 (flat)  0 (hierarchical)
    Elapsed: 11.850s  Memory: 1424.00M
"output" in: sky130A_mr.drc:1730
    Edge pairs: 0 (flat)  0 (hierarchical)
    Elapsed: 0.130s  Memory: 1424.00M
"with_angle" in: sky130A_mr.drc:1731
    Edge pairs: 0 (flat)  0 (hierarchical)
    Elapsed: 0.030s  Memory: 1424.00M
"output" in: sky130A_mr.drc:1731
    Edge pairs: 0 (flat)  0 (hierarchical)
    Elapsed: 0.100s  Memory: 1424.00M
"ongrid" in: sky130A_mr.drc:1732
    Edge pairs: 0 (flat)  0 (hierarchical)
    Elapsed: 1.790s  Memory: 1424.00M
"output" in: sky130A_mr.drc:1732
    Edge pairs: 0 (flat)  0 (hierarchical)
    Elapsed: 0.130s  Memory: 1424.00M
"with_angle" in: sky130A_mr.drc:1733
    Edge pairs: 0 (flat)  0 (hierarchical)
    Elapsed: 0.000s  Memory: 1424.00M
"output" in: sky130A_mr.drc:1733
    Edge pairs: 0 (flat)  0 (hierarchical)
    Elapsed: 0.100s  Memory: 1424.00M
"ongrid" in: sky130A_mr.drc:1737
    Edge pairs: 0 (flat)  0 (hierarchical)
    Elapsed: 28.630s  Memory: 1624.00M
"output" in: sky130A_mr.drc:1737
    Edge pairs: 0 (flat)  0 (hierarchical)
    Elapsed: 0.130s  Memory: 1624.00M
"with_angle" in: sky130A_mr.drc:1738
    Edge pairs: 0 (flat)  0 (hierarchical)
    Elapsed: 0.390s  Memory: 1624.00M
"output" in: sky130A_mr.drc:1738
    Edge pairs: 0 (flat)  0 (hierarchical)
    Elapsed: 0.120s  Memory: 1624.00M
"ongrid" in: sky130A_mr.drc:1739
    Edge pairs: 0 (flat)  0 (hierarchical)
    Elapsed: 108.690s  Memory: 3970.00M
"output" in: sky130A_mr.drc:1739
    Edge pairs: 0 (flat)  0 (hierarchical)
    Elapsed: 0.120s  Memory: 3970.00M
"with_angle" in: sky130A_mr.drc:1740
    Edge pairs: 0 (flat)  0 (hierarchical)
    Elapsed: 1.990s  Memory: 3970.00M
"output" in: sky130A_mr.drc:1740
    Edge pairs: 0 (flat)  0 (hierarchical)
    Elapsed: 0.130s  Memory: 3970.00M
"ongrid" in: sky130A_mr.drc:1741
    Edge pairs: 0 (flat)  0 (hierarchical)
    Elapsed: 0.070s  Memory: 3970.00M
"output" in: sky130A_mr.drc:1741
    Edge pairs: 0 (flat)  0 (hierarchical)
    Elapsed: 0.000s  Memory: 3970.00M
"with_angle" in: sky130A_mr.drc:1742
    Edge pairs: 0 (flat)  0 (hierarchical)
    Elapsed: 0.080s  Memory: 3970.00M
"output" in: sky130A_mr.drc:1742
    Edge pairs: 0 (flat)  0 (hierarchical)
    Elapsed: 0.100s  Memory: 3970.00M
"ongrid" in: sky130A_mr.drc:1743
    Edge pairs: 0 (flat)  0 (hierarchical)
    Elapsed: 29.600s  Memory: 3970.00M
"output" in: sky130A_mr.drc:1743
    Edge pairs: 0 (flat)  0 (hierarchical)
    Elapsed: 0.120s  Memory: 3970.00M
"with_angle" in: sky130A_mr.drc:1744
    Edge pairs: 0 (flat)  0 (hierarchical)
    Elapsed: 0.040s  Memory: 3970.00M
"output" in: sky130A_mr.drc:1744
    Edge pairs: 0 (flat)  0 (hierarchical)
    Elapsed: 0.110s  Memory: 3970.00M
"ongrid" in: sky130A_mr.drc:1745
    Edge pairs: 0 (flat)  0 (hierarchical)
    Elapsed: 1.610s  Memory: 3970.00M
"output" in: sky130A_mr.drc:1745
    Edge pairs: 0 (flat)  0 (hierarchical)
    Elapsed: 0.120s  Memory: 3970.00M
"with_angle" in: sky130A_mr.drc:1746
    Edge pairs: 0 (flat)  0 (hierarchical)
    Elapsed: 0.070s  Memory: 3970.00M
"output" in: sky130A_mr.drc:1746
    Edge pairs: 0 (flat)  0 (hierarchical)
    Elapsed: 0.100s  Memory: 3970.00M
"ongrid" in: sky130A_mr.drc:1747
    Edge pairs: 0 (flat)  0 (hierarchical)
    Elapsed: 1.060s  Memory: 3970.00M
"output" in: sky130A_mr.drc:1747
    Edge pairs: 0 (flat)  0 (hierarchical)
    Elapsed: 0.120s  Memory: 3970.00M
"with_angle" in: sky130A_mr.drc:1748
    Edge pairs: 0 (flat)  0 (hierarchical)
    Elapsed: 0.030s  Memory: 3970.00M
"output" in: sky130A_mr.drc:1748
    Edge pairs: 0 (flat)  0 (hierarchical)
    Elapsed: 0.100s  Memory: 3970.00M
"ongrid" in: sky130A_mr.drc:1749
    Edge pairs: 0 (flat)  0 (hierarchical)
    Elapsed: 1.110s  Memory: 3970.00M
"output" in: sky130A_mr.drc:1749
    Edge pairs: 0 (flat)  0 (hierarchical)
    Elapsed: 0.130s  Memory: 3970.00M
"with_angle" in: sky130A_mr.drc:1750
    Edge pairs: 0 (flat)  0 (hierarchical)
    Elapsed: 0.040s  Memory: 3970.00M
"output" in: sky130A_mr.drc:1750
    Edge pairs: 0 (flat)  0 (hierarchical)
    Elapsed: 0.100s  Memory: 3970.00M
"ongrid" in: sky130A_mr.drc:1751
    Edge pairs: 0 (flat)  0 (hierarchical)
    Elapsed: 0.720s  Memory: 3970.00M
"output" in: sky130A_mr.drc:1751
    Edge pairs: 0 (flat)  0 (hierarchical)
    Elapsed: 0.120s  Memory: 3970.00M
"with_angle" in: sky130A_mr.drc:1752
    Edge pairs: 0 (flat)  0 (hierarchical)
    Elapsed: 0.010s  Memory: 3970.00M
"output" in: sky130A_mr.drc:1752
    Edge pairs: 0 (flat)  0 (hierarchical)
    Elapsed: 0.100s  Memory: 3970.00M
"ongrid" in: sky130A_mr.drc:1753
    Edge pairs: 0 (flat)  0 (hierarchical)
    Elapsed: 1.290s  Memory: 3970.00M
"output" in: sky130A_mr.drc:1753
    Edge pairs: 0 (flat)  0 (hierarchical)
    Elapsed: 0.130s  Memory: 3970.00M
"with_angle" in: sky130A_mr.drc:1754
    Edge pairs: 0 (flat)  0 (hierarchical)
    Elapsed: 0.050s  Memory: 3970.00M
"output" in: sky130A_mr.drc:1754
    Edge pairs: 0 (flat)  0 (hierarchical)
    Elapsed: 0.100s  Memory: 3970.00M
"ongrid" in: sky130A_mr.drc:1755
    Edge pairs: 0 (flat)  0 (hierarchical)
    Elapsed: 0.080s  Memory: 3970.00M
"output" in: sky130A_mr.drc:1755
    Edge pairs: 0 (flat)  0 (hierarchical)
    Elapsed: 0.020s  Memory: 3970.00M
"with_angle" in: sky130A_mr.drc:1756
    Edge pairs: 0 (flat)  0 (hierarchical)
    Elapsed: 0.080s  Memory: 3970.00M
"output" in: sky130A_mr.drc:1756
    Edge pairs: 0 (flat)  0 (hierarchical)
    Elapsed: 0.100s  Memory: 3970.00M
"ongrid" in: sky130A_mr.drc:1757
    Edge pairs: 0 (flat)  0 (hierarchical)
    Elapsed: 0.380s  Memory: 3970.00M
"output" in: sky130A_mr.drc:1757
    Edge pairs: 0 (flat)  0 (hierarchical)
    Elapsed: 0.120s  Memory: 3970.00M
"with_angle" in: sky130A_mr.drc:1758
    Edge pairs: 0 (flat)  0 (hierarchical)
    Elapsed: 0.000s  Memory: 3970.00M
"output" in: sky130A_mr.drc:1758
    Edge pairs: 0 (flat)  0 (hierarchical)
    Elapsed: 0.100s  Memory: 3970.00M
"ongrid" in: sky130A_mr.drc:1759
    Edge pairs: 0 (flat)  0 (hierarchical)
    Elapsed: 0.480s  Memory: 3970.00M
"output" in: sky130A_mr.drc:1759
    Edge pairs: 0 (flat)  0 (hierarchical)
    Elapsed: 0.120s  Memory: 3970.00M
"with_angle" in: sky130A_mr.drc:1760
    Edge pairs: 0 (flat)  0 (hierarchical)
    Elapsed: 0.010s  Memory: 3970.00M
"output" in: sky130A_mr.drc:1760
    Edge pairs: 0 (flat)  0 (hierarchical)
    Elapsed: 0.100s  Memory: 3970.00M
"ongrid" in: sky130A_mr.drc:1761
    Edge pairs: 0 (flat)  0 (hierarchical)
    Elapsed: 0.370s  Memory: 3970.00M
"output" in: sky130A_mr.drc:1761
    Edge pairs: 0 (flat)  0 (hierarchical)
    Elapsed: 0.120s  Memory: 3970.00M
"with_angle" in: sky130A_mr.drc:1762
    Edge pairs: 0 (flat)  0 (hierarchical)
    Elapsed: 0.010s  Memory: 3970.00M
"output" in: sky130A_mr.drc:1762
    Edge pairs: 0 (flat)  0 (hierarchical)
    Elapsed: 0.100s  Memory: 3970.00M
"ongrid" in: sky130A_mr.drc:1763
    Edge pairs: 0 (flat)  0 (hierarchical)
    Elapsed: 0.080s  Memory: 3970.00M
"output" in: sky130A_mr.drc:1763
    Edge pairs: 0 (flat)  0 (hierarchical)
    Elapsed: 0.000s  Memory: 3970.00M
"with_angle" in: sky130A_mr.drc:1764
    Edge pairs: 0 (flat)  0 (hierarchical)
    Elapsed: 0.080s  Memory: 3970.00M
"output" in: sky130A_mr.drc:1764
    Edge pairs: 0 (flat)  0 (hierarchical)
    Elapsed: 0.130s  Memory: 3970.00M
"ongrid" in: sky130A_mr.drc:1765
    Edge pairs: 0 (flat)  0 (hierarchical)
    Elapsed: 0.080s  Memory: 3970.00M
"output" in: sky130A_mr.drc:1765
    Edge pairs: 0 (flat)  0 (hierarchical)
    Elapsed: 0.000s  Memory: 3970.00M
"with_angle" in: sky130A_mr.drc:1766
    Edge pairs: 0 (flat)  0 (hierarchical)
    Elapsed: 0.080s  Memory: 3970.00M
"output" in: sky130A_mr.drc:1766
    Edge pairs: 0 (flat)  0 (hierarchical)
    Elapsed: 0.100s  Memory: 3970.00M
"ongrid" in: sky130A_mr.drc:1767
    Edge pairs: 0 (flat)  0 (hierarchical)
    Elapsed: 0.100s  Memory: 3970.00M
"output" in: sky130A_mr.drc:1767
    Edge pairs: 0 (flat)  0 (hierarchical)
    Elapsed: 0.000s  Memory: 3970.00M
"with_angle" in: sky130A_mr.drc:1768
    Edge pairs: 0 (flat)  0 (hierarchical)
    Elapsed: 0.080s  Memory: 3970.00M
"output" in: sky130A_mr.drc:1768
    Edge pairs: 0 (flat)  0 (hierarchical)
    Elapsed: 0.100s  Memory: 3970.00M
"ongrid" in: sky130A_mr.drc:1769
    Edge pairs: 0 (flat)  0 (hierarchical)
    Elapsed: 0.080s  Memory: 3970.00M
"output" in: sky130A_mr.drc:1769
    Edge pairs: 0 (flat)  0 (hierarchical)
    Elapsed: 0.000s  Memory: 3970.00M
"with_angle" in: sky130A_mr.drc:1770
    Edge pairs: 0 (flat)  0 (hierarchical)
    Elapsed: 0.080s  Memory: 3970.00M
"output" in: sky130A_mr.drc:1770
    Edge pairs: 0 (flat)  0 (hierarchical)
    Elapsed: 0.130s  Memory: 3970.00M
"ongrid" in: sky130A_mr.drc:1774
    Edge pairs: 0 (flat)  0 (hierarchical)
    Elapsed: 0.080s  Memory: 3970.00M
"output" in: sky130A_mr.drc:1774
    Edge pairs: 0 (flat)  0 (hierarchical)
    Elapsed: 0.000s  Memory: 3970.00M
"with_angle" in: sky130A_mr.drc:1775
    Edge pairs: 0 (flat)  0 (hierarchical)
    Elapsed: 0.080s  Memory: 3970.00M
"output" in: sky130A_mr.drc:1775
    Edge pairs: 0 (flat)  0 (hierarchical)
    Elapsed: 0.100s  Memory: 3970.00M
"ongrid" in: sky130A_mr.drc:1776
    Edge pairs: 0 (flat)  0 (hierarchical)
    Elapsed: 0.110s  Memory: 3970.00M
"output" in: sky130A_mr.drc:1776
    Edge pairs: 0 (flat)  0 (hierarchical)
    Elapsed: 0.000s  Memory: 3970.00M
"with_angle" in: sky130A_mr.drc:1777
    Edge pairs: 0 (flat)  0 (hierarchical)
    Elapsed: 0.080s  Memory: 3970.00M
"output" in: sky130A_mr.drc:1777
    Edge pairs: 0 (flat)  0 (hierarchical)
    Elapsed: 0.100s  Memory: 3970.00M
"ongrid" in: sky130A_mr.drc:1778
    Edge pairs: 0 (flat)  0 (hierarchical)
    Elapsed: 0.080s  Memory: 3970.00M
"output" in: sky130A_mr.drc:1778
    Edge pairs: 0 (flat)  0 (hierarchical)
    Elapsed: 0.000s  Memory: 3970.00M
"with_angle" in: sky130A_mr.drc:1782
    Edge pairs: 0 (flat)  0 (hierarchical)
    Elapsed: 0.080s  Memory: 3970.00M
"output" in: sky130A_mr.drc:1782
    Edge pairs: 0 (flat)  0 (hierarchical)
    Elapsed: 0.130s  Memory: 3970.00M
"ongrid" in: sky130A_mr.drc:1786
    Edge pairs: 0 (flat)  0 (hierarchical)
    Elapsed: 0.070s  Memory: 3970.00M
"output" in: sky130A_mr.drc:1786
    Edge pairs: 0 (flat)  0 (hierarchical)
    Elapsed: 0.000s  Memory: 3970.00M
Writing report database: /tmp/tmpmiykj0ok/repo/precheck_results/31_MAY_2026___10_10_28/outputs/reports/klayout_offgrid_check.xml ..
Total elapsed: 281.290s  Memory: 3818.00M
Args:
	sram_exclude: false
	feol: false
	beol: false
	floating_met: false
	offgrid: true
	seal: 
 
Cell exclusion list:
   rule    | cell
   nwell.6 | sky130_fd_io__gpiov2_amux, sky130_fd_io__simple_pad_and_busses
 
release 2026.03.30_01.00
