"input" in: sky130A_mr.drc:182
    Polygons (raw): 713900 (flat)  411 (hierarchical)
    Elapsed: 0.290s  Memory: 1138.00M
"polygons" in: sky130A_mr.drc:183
    Polygons (raw): 171058 (flat)  2 (hierarchical)
    Elapsed: 0.210s  Memory: 1138.00M
"polygons" in: sky130A_mr.drc:184
    Polygons (raw): 699077 (flat)  150 (hierarchical)
    Elapsed: 0.150s  Memory: 1138.00M
"polygons" in: sky130A_mr.drc:185
    Polygons (raw): 0 (flat)  0 (hierarchical)
    Elapsed: 0.020s  Memory: 1138.00M
"polygons" in: sky130A_mr.drc:186
    Polygons (raw): 0 (flat)  0 (hierarchical)
    Elapsed: 0.000s  Memory: 1138.00M
"polygons" in: sky130A_mr.drc:187
    Polygons (raw): 0 (flat)  0 (hierarchical)
    Elapsed: 0.000s  Memory: 1138.00M
"polygons" in: sky130A_mr.drc:188
    Polygons (raw): 0 (flat)  0 (hierarchical)
    Elapsed: 0.000s  Memory: 1138.00M
"polygons" in: sky130A_mr.drc:189
    Polygons (raw): 0 (flat)  0 (hierarchical)
    Elapsed: 0.020s  Memory: 1138.00M
"polygons" in: sky130A_mr.drc:190
    Polygons (raw): 699423 (flat)  156 (hierarchical)
    Elapsed: 0.150s  Memory: 1138.00M
"polygons" in: sky130A_mr.drc:191
    Polygons (raw): 0 (flat)  0 (hierarchical)
    Elapsed: 0.030s  Memory: 1138.00M
"polygons" in: sky130A_mr.drc:192
    Polygons (raw): 0 (flat)  0 (hierarchical)
    Elapsed: 0.000s  Memory: 1138.00M
"polygons" in: sky130A_mr.drc:193
    Polygons (raw): 0 (flat)  0 (hierarchical)
    Elapsed: 0.000s  Memory: 1138.00M
"polygons" in: sky130A_mr.drc:194
    Polygons (raw): 0 (flat)  0 (hierarchical)
    Elapsed: 0.000s  Memory: 1138.00M
"polygons" in: sky130A_mr.drc:195
    Polygons (raw): 746539 (flat)  959 (hierarchical)
    Elapsed: 0.200s  Memory: 1138.00M
"polygons" in: sky130A_mr.drc:196
    Polygons (raw): 0 (flat)  0 (hierarchical)
    Elapsed: 0.000s  Memory: 1138.00M
"polygons" in: sky130A_mr.drc:197
    Polygons (raw): 784606 (flat)  151 (hierarchical)
    Elapsed: 0.180s  Memory: 1138.00M
"polygons" in: sky130A_mr.drc:198
    Polygons (raw): 784606 (flat)  151 (hierarchical)
    Elapsed: 0.150s  Memory: 1138.00M
"polygons" in: sky130A_mr.drc:199
    Polygons (raw): 0 (flat)  0 (hierarchical)
    Elapsed: 0.030s  Memory: 1138.00M
"polygons" in: sky130A_mr.drc:200
    Polygons (raw): 0 (flat)  0 (hierarchical)
    Elapsed: 0.000s  Memory: 1138.00M
"polygons" in: sky130A_mr.drc:201
    Polygons (raw): 354014 (flat)  182 (hierarchical)
    Elapsed: 0.180s  Memory: 1138.00M
"polygons" in: sky130A_mr.drc:202
    Polygons (raw): 3888501 (flat)  4417 (hierarchical)
    Elapsed: 0.200s  Memory: 1138.00M
"polygons" in: sky130A_mr.drc:204
    Polygons (raw): 3061758 (flat)  37805 (hierarchical)
    Elapsed: 0.180s  Memory: 1138.00M
"polygons" in: sky130A_mr.drc:205
    Polygons (raw): 0 (flat)  0 (hierarchical)
    Elapsed: 0.030s  Memory: 1138.00M
"polygons" in: sky130A_mr.drc:206
    Polygons (raw): 9658676 (flat)  38504 (hierarchical)
    Elapsed: 0.180s  Memory: 1138.00M
"polygons" in: sky130A_mr.drc:208
    Polygons (raw): 1570385 (flat)  160239 (hierarchical)
    Elapsed: 0.310s  Memory: 1138.00M
"polygons" in: sky130A_mr.drc:209
    Polygons (raw): 161131 (flat)  161131 (hierarchical)
    Elapsed: 0.350s  Memory: 1141.00M
"polygons" in: sky130A_mr.drc:211
    Polygons (raw): 84398 (flat)  84398 (hierarchical)
    Elapsed: 0.260s  Memory: 1141.00M
"polygons" in: sky130A_mr.drc:212
    Polygons (raw): 95223 (flat)  95223 (hierarchical)
    Elapsed: 0.300s  Memory: 1145.00M
"polygons" in: sky130A_mr.drc:214
    Polygons (raw): 19165 (flat)  19165 (hierarchical)
    Elapsed: 0.210s  Memory: 1145.00M
"polygons" in: sky130A_mr.drc:215
    Polygons (raw): 118820 (flat)  118820 (hierarchical)
    Elapsed: 0.320s  Memory: 1147.00M
"polygons" in: sky130A_mr.drc:217
    Polygons (raw): 641 (flat)  641 (hierarchical)
    Elapsed: 0.190s  Memory: 1147.00M
"polygons" in: sky130A_mr.drc:218
    Polygons (raw): 12568 (flat)  12568 (hierarchical)
    Elapsed: 0.230s  Memory: 1147.00M
"polygons" in: sky130A_mr.drc:220
    Polygons (raw): 187 (flat)  187 (hierarchical)
    Elapsed: 0.200s  Memory: 1147.00M
"polygons" in: sky130A_mr.drc:222
    Polygons (raw): 0 (flat)  0 (hierarchical)
    Elapsed: 0.030s  Memory: 1147.00M
"polygons" in: sky130A_mr.drc:223
    Polygons (raw): 0 (flat)  0 (hierarchical)
    Elapsed: 0.000s  Memory: 1147.00M
"polygons" in: sky130A_mr.drc:224
    Polygons (raw): 0 (flat)  0 (hierarchical)
    Elapsed: 0.000s  Memory: 1147.00M
"polygons" in: sky130A_mr.drc:225
    Polygons (raw): 0 (flat)  0 (hierarchical)
    Elapsed: 0.000s  Memory: 1147.00M
"polygons" in: sky130A_mr.drc:226
    Polygons (raw): 0 (flat)  0 (hierarchical)
    Elapsed: 0.030s  Memory: 1147.00M
"polygons" in: sky130A_mr.drc:227
    Polygons (raw): 0 (flat)  0 (hierarchical)
    Elapsed: 0.000s  Memory: 1147.00M
"polygons" in: sky130A_mr.drc:228
    Polygons (raw): 0 (flat)  0 (hierarchical)
    Elapsed: 0.010s  Memory: 1147.00M
"polygons" in: sky130A_mr.drc:229
    Polygons (raw): 0 (flat)  0 (hierarchical)
    Elapsed: 0.000s  Memory: 1147.00M
"polygons" in: sky130A_mr.drc:230
    Polygons (raw): 0 (flat)  0 (hierarchical)
    Elapsed: 0.030s  Memory: 1147.00M
"polygons" in: sky130A_mr.drc:231
    Polygons (raw): 0 (flat)  0 (hierarchical)
    Elapsed: 0.010s  Memory: 1147.00M
"polygons" in: sky130A_mr.drc:232
    Polygons (raw): 0 (flat)  0 (hierarchical)
    Elapsed: 0.000s  Memory: 1147.00M
"polygons" in: sky130A_mr.drc:233
    Polygons (raw): 0 (flat)  0 (hierarchical)
    Elapsed: 0.000s  Memory: 1147.00M
"polygons" in: sky130A_mr.drc:234
    Polygons (raw): 0 (flat)  0 (hierarchical)
    Elapsed: 0.030s  Memory: 1147.00M
"polygons" in: sky130A_mr.drc:235
    Polygons (raw): 0 (flat)  0 (hierarchical)
    Elapsed: 0.000s  Memory: 1147.00M
"polygons" in: sky130A_mr.drc:236
    Polygons (raw): 0 (flat)  0 (hierarchical)
    Elapsed: 0.010s  Memory: 1147.00M
"polygons" in: sky130A_mr.drc:237
    Polygons (raw): 0 (flat)  0 (hierarchical)
    Elapsed: 0.000s  Memory: 1147.00M
"polygons" in: sky130A_mr.drc:238
    Polygons (raw): 0 (flat)  0 (hierarchical)
    Elapsed: 0.020s  Memory: 1147.00M
"polygons" in: sky130A_mr.drc:239
    Polygons (raw): 0 (flat)  0 (hierarchical)
    Elapsed: 0.000s  Memory: 1147.00M
"polygons" in: sky130A_mr.drc:240
    Polygons (raw): 699077 (flat)  150 (hierarchical)
    Elapsed: 0.150s  Memory: 1147.00M
"polygons" in: sky130A_mr.drc:241
    Polygons (raw): 0 (flat)  0 (hierarchical)
    Elapsed: 0.020s  Memory: 1150.00M
"polygons" in: sky130A_mr.drc:242
    Polygons (raw): 0 (flat)  0 (hierarchical)
    Elapsed: 0.000s  Memory: 1150.00M
"polygons" in: sky130A_mr.drc:243
    Polygons (raw): 0 (flat)  0 (hierarchical)
    Elapsed: 0.000s  Memory: 1150.00M
"polygons" in: sky130A_mr.drc:244
    Polygons (raw): 0 (flat)  0 (hierarchical)
    Elapsed: 0.000s  Memory: 1150.00M
"polygons" in: sky130A_mr.drc:245
    Polygons (raw): 0 (flat)  0 (hierarchical)
    Elapsed: 0.030s  Memory: 1150.00M
"polygons" in: sky130A_mr.drc:246
    Polygons (raw): 0 (flat)  0 (hierarchical)
    Elapsed: 0.000s  Memory: 1150.00M
"polygons" in: sky130A_mr.drc:247
    Polygons (raw): 0 (flat)  0 (hierarchical)
    Elapsed: 0.000s  Memory: 1150.00M
"polygons" in: sky130A_mr.drc:248
    Polygons (raw): 1 (flat)  1 (hierarchical)
    Elapsed: 0.200s  Memory: 1150.00M
"polygons" in: sky130A_mr.drc:249
    Polygons (raw): 0 (flat)  0 (hierarchical)
    Elapsed: 0.020s  Memory: 1150.00M
"polygons" in: sky130A_mr.drc:250
    Polygons (raw): 0 (flat)  0 (hierarchical)
    Elapsed: 0.000s  Memory: 1150.00M
"polygons" in: sky130A_mr.drc:251
    Polygons (raw): 0 (flat)  0 (hierarchical)
    Elapsed: 0.010s  Memory: 1150.00M
"polygons" in: sky130A_mr.drc:252
    Polygons (raw): 0 (flat)  0 (hierarchical)
    Elapsed: 0.000s  Memory: 1150.00M
"polygons" in: sky130A_mr.drc:253
    Polygons (raw): 8267 (flat)  1 (hierarchical)
    Elapsed: 0.220s  Memory: 1150.00M
"polygons" in: sky130A_mr.drc:254
    Polygons (raw): 0 (flat)  0 (hierarchical)
    Elapsed: 0.000s  Memory: 1150.00M
"polygons" in: sky130A_mr.drc:255
    Polygons (raw): 0 (flat)  0 (hierarchical)
    Elapsed: 0.020s  Memory: 1150.00M
"polygons" in: sky130A_mr.drc:256
    Polygons (raw): 0 (flat)  0 (hierarchical)
    Elapsed: 0.000s  Memory: 1150.00M
"polygons" in: sky130A_mr.drc:257
    Polygons (raw): 0 (flat)  0 (hierarchical)
    Elapsed: 0.000s  Memory: 1150.00M
"polygons" in: sky130A_mr.drc:258
    Polygons (raw): 0 (flat)  0 (hierarchical)
    Elapsed: 0.000s  Memory: 1150.00M
"polygons" in: sky130A_mr.drc:259
    Polygons (raw): 0 (flat)  0 (hierarchical)
    Elapsed: 0.020s  Memory: 1150.00M
"polygons" in: sky130A_mr.drc:260
    Polygons (raw): 0 (flat)  0 (hierarchical)
    Elapsed: 0.000s  Memory: 1150.00M
"polygons" in: sky130A_mr.drc:261
    Polygons (raw): 0 (flat)  0 (hierarchical)
    Elapsed: 0.000s  Memory: 1150.00M
"polygons" in: sky130A_mr.drc:262
    Polygons (raw): 0 (flat)  0 (hierarchical)
    Elapsed: 0.000s  Memory: 1150.00M
"polygons" in: sky130A_mr.drc:263
    Polygons (raw): 0 (flat)  0 (hierarchical)
    Elapsed: 0.030s  Memory: 1150.00M
"polygons" in: sky130A_mr.drc:264
    Polygons (raw): 0 (flat)  0 (hierarchical)
    Elapsed: 0.000s  Memory: 1150.00M
"polygons" in: sky130A_mr.drc:265
    Polygons (raw): 0 (flat)  0 (hierarchical)
    Elapsed: 0.000s  Memory: 1150.00M
"polygons" in: sky130A_mr.drc:266
    Polygons (raw): 0 (flat)  0 (hierarchical)
    Elapsed: 0.000s  Memory: 1150.00M
"polygons" in: sky130A_mr.drc:267
    Polygons (raw): 0 (flat)  0 (hierarchical)
    Elapsed: 0.020s  Memory: 1150.00M
"polygons" in: sky130A_mr.drc:268
    Polygons (raw): 0 (flat)  0 (hierarchical)
    Elapsed: 0.000s  Memory: 1150.00M
"polygons" in: sky130A_mr.drc:269
    Polygons (raw): 0 (flat)  0 (hierarchical)
    Elapsed: 0.000s  Memory: 1150.00M
"polygons" in: sky130A_mr.drc:270
    Polygons (raw): 0 (flat)  0 (hierarchical)
    Elapsed: 0.000s  Memory: 1150.00M
"polygons" in: sky130A_mr.drc:271
    Polygons (raw): 0 (flat)  0 (hierarchical)
    Elapsed: 0.020s  Memory: 1150.00M
"polygons" in: sky130A_mr.drc:272
    Polygons (raw): 0 (flat)  0 (hierarchical)
    Elapsed: 0.000s  Memory: 1150.00M
"polygons" in: sky130A_mr.drc:273
    Polygons (raw): 0 (flat)  0 (hierarchical)
    Elapsed: 0.010s  Memory: 1150.00M
"polygons" in: sky130A_mr.drc:274
    Polygons (raw): 0 (flat)  0 (hierarchical)
    Elapsed: 0.000s  Memory: 1150.00M
"polygons" in: sky130A_mr.drc:275
    Polygons (raw): 0 (flat)  0 (hierarchical)
    Elapsed: 0.020s  Memory: 1150.00M
"polygons" in: sky130A_mr.drc:276
    Polygons (raw): 0 (flat)  0 (hierarchical)
    Elapsed: 0.000s  Memory: 1150.00M
"polygons" in: sky130A_mr.drc:277
    Polygons (raw): 0 (flat)  0 (hierarchical)
    Elapsed: 0.000s  Memory: 1150.00M
"merged" in: sky130A_mr.drc:279
    Polygons (raw): 0 (flat)  0 (hierarchical)
    Elapsed: 0.080s  Memory: 1150.00M
DRC section
BEOL section
START: 67/20 (li)
"outside" in: sky130A_mr.drc:1069
    Polygons (raw): 3061758 (flat)  37805 (hierarchical)
    Elapsed: 0.110s  Memory: 1150.00M
"interacting" in: sky130A_mr.drc:1070
    Polygons (raw): 0 (flat)  0 (hierarchical)
    Elapsed: 0.080s  Memory: 1150.00M
"inside" in: sky130A_mr.drc:1070
    Polygons (raw): 0 (flat)  0 (hierarchical)
    Elapsed: 0.100s  Memory: 1150.00M
"-" in: sky130A_mr.drc:1070
    Polygons (raw): 0 (flat)  0 (hierarchical)
    Elapsed: 0.080s  Memory: 1150.00M
"or" in: sky130A_mr.drc:1069
    Polygons (raw): 70270 (flat)  38487 (hierarchical)
    Elapsed: 28.930s  Memory: 1579.00M
"width" in: sky130A_mr.drc:1072
    Edge pairs: 0 (flat)  0 (hierarchical)
    Elapsed: 5.360s  Memory: 1579.00M
"output" in: sky130A_mr.drc:1072
    Edge pairs: 0 (flat)  0 (hierarchical)
    Elapsed: 0.120s  Memory: 1579.00M
"space" in: sky130A_mr.drc:1076
    Edge pairs: 0 (flat)  0 (hierarchical)
    Elapsed: 36.300s  Memory: 1867.00M
"output" in: sky130A_mr.drc:1076
    Edge pairs: 0 (flat)  0 (hierarchical)
    Elapsed: 0.120s  Memory: 1867.00M
"-" in: sky130A_mr.drc:1080
    Polygons (raw): 3888501 (flat)  4417 (hierarchical)
    Elapsed: 0.080s  Memory: 1867.00M
"enclosing" in: sky130A_mr.drc:1082
    Edge pairs: 3842433 (flat)  3708977 (hierarchical)
    Elapsed: 192.880s  Memory: 2569.00M
"second_edges" in: sky130A_mr.drc:1082
    Edges: 3842433 (flat)  3708977 (hierarchical)
    Elapsed: 0.320s  Memory: 2641.00M
"width" in: sky130A_mr.drc:1083
    Edge pairs: 0 (flat)  0 (hierarchical)
    Elapsed: 16.280s  Memory: 3368.00M
"polygons" in: sky130A_mr.drc:1084
    Polygons (raw): 0 (flat)  0 (hierarchical)
    Elapsed: 0.030s  Memory: 3368.00M
"interacting" in: sky130A_mr.drc:1084
    Polygons (raw): 0 (flat)  0 (hierarchical)
    Elapsed: 0.080s  Memory: 3368.00M
"output" in: sky130A_mr.drc:1085
    Polygons (raw): 0 (flat)  0 (hierarchical)
    Elapsed: 0.100s  Memory: 3368.00M
"interacting" in: sky130A_mr.drc:1089
    Polygons (raw): 0 (flat)  0 (hierarchical)
    Elapsed: 0.110s  Memory: 3368.00M
"-" in: sky130A_mr.drc:1089
    Polygons (raw): 3061758 (flat)  37805 (hierarchical)
    Elapsed: 0.080s  Memory: 3368.00M
"with_area" in: sky130A_mr.drc:1090
    Polygons (raw): 0 (flat)  0 (hierarchical)
    Elapsed: 28.940s  Memory: 3400.00M
"output" in: sky130A_mr.drc:1090
    Polygons (raw): 0 (flat)  0 (hierarchical)
    Elapsed: 0.120s  Memory: 3400.00M
"&" in: sky130A_mr.drc:1094
    Polygons (raw): 0 (flat)  0 (hierarchical)
    Elapsed: 0.080s  Memory: 3400.00M
"space" in: sky130A_mr.drc:1095
    Edge pairs: 0 (flat)  0 (hierarchical)
    Elapsed: 0.100s  Memory: 3400.00M
"output" in: sky130A_mr.drc:1095
    Edge pairs: 0 (flat)  0 (hierarchical)
    Elapsed: 0.100s  Memory: 3400.00M
"width" in: sky130A_mr.drc:1099
    Edge pairs: 0 (flat)  0 (hierarchical)
    Elapsed: 0.080s  Memory: 3400.00M
"output" in: sky130A_mr.drc:1099
    Edge pairs: 0 (flat)  0 (hierarchical)
    Elapsed: 0.110s  Memory: 3400.00M
END: 67/20 (li)
START: 67/13 (li_res)
"width" in: sky130A_mr.drc:1107
    Edge pairs: 0 (flat)  0 (hierarchical)
    Elapsed: 0.100s  Memory: 3400.00M
"output" in: sky130A_mr.drc:1107
    Edge pairs: 0 (flat)  0 (hierarchical)
    Elapsed: 0.100s  Memory: 3400.00M
END: 67/13 (li_res)
START: 67/44 (mcon)
"-" in: sky130A_mr.drc:1115
    Polygons (raw): 9658676 (flat)  38504 (hierarchical)
    Elapsed: 0.080s  Memory: 3400.00M
"drc" in: sky130A_mr.drc:1117
    Polygons (raw): 0 (flat)  0 (hierarchical)
    Elapsed: 116.250s  Memory: 5359.00M
"-" in: sky130A_mr.drc:1118
    Polygons (raw): 9658676 (flat)  38504 (hierarchical)
    Elapsed: 0.130s  Memory: 5359.00M
"outside" in: sky130A_mr.drc:1122
    Polygons (raw): 9658676 (flat)  38504 (hierarchical)
    Elapsed: 0.080s  Memory: 5359.00M
"non_rectangles" in: sky130A_mr.drc:1123
    Polygons (raw): 0 (flat)  0 (hierarchical)
    Elapsed: 102.980s  Memory: 5487.00M
"output" in: sky130A_mr.drc:1123
    Polygons (raw): 0 (flat)  0 (hierarchical)
    Elapsed: 0.130s  Memory: 5487.00M
"drc" in: sky130A_mr.drc:1128
    Edge pairs: 0 (flat)  0 (hierarchical)
    Elapsed: 117.670s  Memory: 6063.00M
"output" in: sky130A_mr.drc:1128
    Edge pairs: 0 (flat)  0 (hierarchical)
    Elapsed: 0.190s  Memory: 6063.00M
"drc" in: sky130A_mr.drc:1132
    Edges: 0 (flat)  0 (hierarchical)
    Elapsed: 15.940s  Memory: 5551.00M
"output" in: sky130A_mr.drc:1132
    Edges: 0 (flat)  0 (hierarchical)
    Elapsed: 0.130s  Memory: 5551.00M
"space" in: sky130A_mr.drc:1136
    Edge pairs: 0 (flat)  0 (hierarchical)
    Elapsed: 28.520s  Memory: 5423.00M
"output" in: sky130A_mr.drc:1136
    Edge pairs: 0 (flat)  0 (hierarchical)
    Elapsed: 0.120s  Memory: 5103.00M
"width" in: sky130A_mr.drc:1141
    Edge pairs: 0 (flat)  0 (hierarchical)
    Elapsed: 0.080s  Memory: 5103.00M
"output" in: sky130A_mr.drc:1141
    Edge pairs: 0 (flat)  0 (hierarchical)
    Elapsed: 0.100s  Memory: 5103.00M
"drc" in: sky130A_mr.drc:1145
    Edge pairs: 0 (flat)  0 (hierarchical)
    Elapsed: 0.390s  Memory: 5103.00M
"output" in: sky130A_mr.drc:1145
    Edge pairs: 0 (flat)  0 (hierarchical)
    Elapsed: 0.120s  Memory: 5103.00M
"-" in: sky130A_mr.drc:1149
    Polygons (raw): 0 (flat)  0 (hierarchical)
    Elapsed: 0.080s  Memory: 5103.00M
"output" in: sky130A_mr.drc:1149
    Polygons (raw): 0 (flat)  0 (hierarchical)
    Elapsed: 0.110s  Memory: 5103.00M
"-" in: sky130A_mr.drc:1154
    Polygons (raw): 0 (flat)  0 (hierarchical)
    Elapsed: 25.990s  Memory: 5231.00M
"output" in: sky130A_mr.drc:1154
    Polygons (raw): 0 (flat)  0 (hierarchical)
    Elapsed: 0.130s  Memory: 5103.00M
END: 67/44 (mcon)
START: 68/20 (m1)
"width" in: sky130A_mr.drc:1159
    Edge pairs: 0 (flat)  0 (hierarchical)
    Elapsed: 29.680s  Memory: 5103.00M
"output" in: sky130A_mr.drc:1159
    Edge pairs: 0 (flat)  0 (hierarchical)
    Elapsed: 0.130s  Memory: 5103.00M
"sized" in: sky130A_mr.drc:1160
    Polygons (raw): 0 (flat)  0 (hierarchical)
    Elapsed: 0.980s  Memory: 5103.00M
"sized" in: sky130A_mr.drc:1160
    Polygons (raw): 0 (flat)  0 (hierarchical)
    Elapsed: 0.100s  Memory: 5103.00M
"snap" in: sky130A_mr.drc:1160
    Polygons (raw): 0 (flat)  0 (hierarchical)
    Elapsed: 0.080s  Memory: 5103.00M
"&" in: sky130A_mr.drc:1160
    Polygons (raw): 0 (flat)  0 (hierarchical)
    Elapsed: 0.080s  Memory: 5103.00M
"edges" in: sky130A_mr.drc:1161
    Edges: 512728 (flat)  452608 (hierarchical)
    Elapsed: 0.070s  Memory: 5103.00M
"-" in: sky130A_mr.drc:1161
    Edges: 512728 (flat)  452608 (hierarchical)
    Elapsed: 0.080s  Memory: 5103.00M
"edges" in: sky130A_mr.drc:1162
    Edges: 0 (flat)  0 (hierarchical)
    Elapsed: 0.320s  Memory: 5103.00M
"merged" in: sky130A_mr.drc:1162
    Polygons (raw): 37250 (flat)  34244 (hierarchical)
    Elapsed: 0.000s  Memory: 5103.00M
"outside_part" in: sky130A_mr.drc:1162
    Edges: 0 (flat)  0 (hierarchical)
    Elapsed: 0.110s  Memory: 5103.00M
"space" in: sky130A_mr.drc:1164
    Edge pairs: 0 (flat)  0 (hierarchical)
    Elapsed: 2.330s  Memory: 5231.00M
"output" in: sky130A_mr.drc:1164
    Edge pairs: 0 (flat)  0 (hierarchical)
    Elapsed: 0.350s  Memory: 5231.00M
"separation" in: sky130A_mr.drc:1170
    Edge pairs: 0 (flat)  0 (hierarchical)
    Elapsed: 0.520s  Memory: 5231.00M
"space" in: sky130A_mr.drc:1171
    Edge pairs: 0 (flat)  0 (hierarchical)
    Elapsed: 0.230s  Memory: 5231.00M
"+" in: sky130A_mr.drc:1170
    Edge pairs: 0 (flat)  0 (hierarchical)
    Elapsed: 0.080s  Memory: 5231.00M
"output" in: sky130A_mr.drc:1172
    Edge pairs: 0 (flat)  0 (hierarchical)
    Elapsed: 0.110s  Memory: 5231.00M
"input" in: sky130A_mr.drc:1183
    Polygons (raw): 1570385 (flat)  160239 (hierarchical)
    Elapsed: 0.320s  Memory: 5231.00M
"enclosing" in: sky130A_mr.drc:1185
    Edge pairs: 0 (flat)  0 (hierarchical)
    Elapsed: 132.620s  Memory: 5743.00M
"output" in: sky130A_mr.drc:1185
    Edge pairs: 0 (flat)  0 (hierarchical)
    Elapsed: 0.130s  Memory: 5231.00M
"-" in: sky130A_mr.drc:1189
    Polygons (raw): 0 (flat)  0 (hierarchical)
    Elapsed: 32.930s  Memory: 5231.00M
"output" in: sky130A_mr.drc:1189
    Polygons (raw): 0 (flat)  0 (hierarchical)
    Elapsed: 0.130s  Memory: 5167.00M
"input" in: sky130A_mr.drc:1203
    Polygons (raw): 0 (flat)  0 (hierarchical)
    Elapsed: 0.240s  Memory: 5167.00M
"enclosing" in: sky130A_mr.drc:1204
    Edge pairs: 0 (flat)  0 (hierarchical)
    Elapsed: 0.100s  Memory: 5167.00M
"output" in: sky130A_mr.drc:1204
    Edge pairs: 0 (flat)  0 (hierarchical)
    Elapsed: 0.090s  Memory: 5167.00M
"-" in: sky130A_mr.drc:1209
    Polygons (raw): 0 (flat)  0 (hierarchical)
    Elapsed: 0.070s  Memory: 5167.00M
"output" in: sky130A_mr.drc:1209
    Polygons (raw): 0 (flat)  0 (hierarchical)
    Elapsed: 0.110s  Memory: 5167.00M
"with_area" in: sky130A_mr.drc:1214
    Polygons (raw): 0 (flat)  0 (hierarchical)
    Elapsed: 0.150s  Memory: 5167.00M
"output" in: sky130A_mr.drc:1214
    Polygons (raw): 0 (flat)  0 (hierarchical)
    Elapsed: 0.130s  Memory: 5167.00M
"holes" in: sky130A_mr.drc:1217
    Polygons (raw): 2 (flat)  2 (hierarchical)
    Elapsed: 0.020s  Memory: 5167.00M
"with_area" in: sky130A_mr.drc:1218
    Polygons (raw): 0 (flat)  0 (hierarchical)
    Elapsed: 0.310s  Memory: 5167.00M
"output" in: sky130A_mr.drc:1219
    Polygons (raw): 0 (flat)  0 (hierarchical)
    Elapsed: 0.150s  Memory: 5167.00M
"enclosing" in: sky130A_mr.drc:1230
    Edge pairs: 106508 (flat)  88472 (hierarchical)
    Elapsed: 104.300s  Memory: 5615.00M
"second_edges" in: sky130A_mr.drc:1230
    Edges: 106508 (flat)  88472 (hierarchical)
    Elapsed: 0.030s  Memory: 5615.00M
"width" in: sky130A_mr.drc:1232
    Edge pairs: 0 (flat)  0 (hierarchical)
    Elapsed: 1.010s  Memory: 5615.00M
"polygons" in: sky130A_mr.drc:1234
    Polygons (raw): 0 (flat)  0 (hierarchical)
    Elapsed: 0.020s  Memory: 5615.00M
"interacting" in: sky130A_mr.drc:1234
    Polygons (raw): 0 (flat)  0 (hierarchical)
    Elapsed: 0.080s  Memory: 5615.00M
"output" in: sky130A_mr.drc:1235
    Polygons (raw): 0 (flat)  0 (hierarchical)
    Elapsed: 0.130s  Memory: 5615.00M
END: 68/20 (m1)
START: 68/44 (via)
"drc" in: sky130A_mr.drc:1246
    Polygons (raw): 0 (flat)  0 (hierarchical)
    Elapsed: 1.780s  Memory: 5615.00M
"-" in: sky130A_mr.drc:1247
    Polygons (raw): 161131 (flat)  161131 (hierarchical)
    Elapsed: 0.110s  Memory: 5615.00M
"-" in: sky130A_mr.drc:1252
    Polygons (raw): 161131 (flat)  161131 (hierarchical)
    Elapsed: 0.080s  Memory: 5615.00M
"non_rectangles" in: sky130A_mr.drc:1254
    Polygons (raw): 0 (flat)  0 (hierarchical)
    Elapsed: 1.400s  Memory: 5615.00M
"output" in: sky130A_mr.drc:1254
    Polygons (raw): 0 (flat)  0 (hierarchical)
    Elapsed: 0.130s  Memory: 5615.00M
"width" in: sky130A_mr.drc:1258
    Edge pairs: 0 (flat)  0 (hierarchical)
    Elapsed: 0.190s  Memory: 5615.00M
"output" in: sky130A_mr.drc:1258
    Edge pairs: 0 (flat)  0 (hierarchical)
    Elapsed: 0.130s  Memory: 5615.00M
"drc" in: sky130A_mr.drc:1263
    Edges: 0 (flat)  0 (hierarchical)
    Elapsed: 0.700s  Memory: 5167.00M
"output" in: sky130A_mr.drc:1263
    Edges: 0 (flat)  0 (hierarchical)
    Elapsed: 0.130s  Memory: 5167.00M
"space" in: sky130A_mr.drc:1268
    Edge pairs: 0 (flat)  0 (hierarchical)
    Elapsed: 0.700s  Memory: 5103.00M
"output" in: sky130A_mr.drc:1268
    Edge pairs: 0 (flat)  0 (hierarchical)
    Elapsed: 0.130s  Memory: 5103.00M
"width" in: sky130A_mr.drc:1274
    Edge pairs: 0 (flat)  0 (hierarchical)
    Elapsed: 0.080s  Memory: 5103.00M
"output" in: sky130A_mr.drc:1274
    Edge pairs: 0 (flat)  0 (hierarchical)
    Elapsed: 0.100s  Memory: 5103.00M
"drc" in: sky130A_mr.drc:1278
    Edge pairs: 0 (flat)  0 (hierarchical)
    Elapsed: 0.410s  Memory: 5103.00M
"output" in: sky130A_mr.drc:1278
    Edge pairs: 0 (flat)  0 (hierarchical)
    Elapsed: 0.100s  Memory: 5103.00M
"-" in: sky130A_mr.drc:1282
    Polygons (raw): 0 (flat)  0 (hierarchical)
    Elapsed: 0.110s  Memory: 5103.00M
"output" in: sky130A_mr.drc:1282
    Polygons (raw): 0 (flat)  0 (hierarchical)
    Elapsed: 0.100s  Memory: 5103.00M
"edges" in: sky130A_mr.drc:1289
    Edges: 512728 (flat)  452608 (hierarchical)
    Elapsed: 0.070s  Memory: 5103.00M
"drc" in: sky130A_mr.drc:1290
    Edges: 644524 (flat)  644524 (hierarchical)
    Elapsed: 3.640s  Memory: 5103.00M
"enclosing" in: sky130A_mr.drc:1290
    Edge pairs: 0 (flat)  0 (hierarchical)
    Elapsed: 0.710s  Memory: 5103.00M
"output" in: sky130A_mr.drc:1291
    Edge pairs: 0 (flat)  0 (hierarchical)
    Elapsed: 0.350s  Memory: 5103.00M
"squares" in: sky130A_mr.drc:1293
    Polygons (raw): 161131 (flat)  161131 (hierarchical)
    Elapsed: 0.100s  Memory: 5103.00M
"drc" in: sky130A_mr.drc:1294
    Edges: 644524 (flat)  644524 (hierarchical)
    Elapsed: 2.230s  Memory: 5103.00M
"-" in: sky130A_mr.drc:1295
    Edges: 0 (flat)  0 (hierarchical)
    Elapsed: 8.500s  Memory: 5103.00M
"output" in: sky130A_mr.drc:1296
    Edges: 0 (flat)  0 (hierarchical)
    Elapsed: 0.160s  Memory: 5103.00M
"edges" in: sky130A_mr.drc:1300
    Edges: 512728 (flat)  452608 (hierarchical)
    Elapsed: 0.040s  Memory: 5103.00M
"drc" in: sky130A_mr.drc:1301
    Edges: 644524 (flat)  644524 (hierarchical)
    Elapsed: 2.360s  Memory: 5103.00M
"enclosing" in: sky130A_mr.drc:1301
    Edge pairs: 81895 (flat)  81895 (hierarchical)
    Elapsed: 1.630s  Memory: 5103.00M
"second_edges" in: sky130A_mr.drc:1302
    Edges: 81895 (flat)  81895 (hierarchical)
    Elapsed: 0.030s  Memory: 5103.00M
"width" in: sky130A_mr.drc:1304
    Edge pairs: 0 (flat)  0 (hierarchical)
    Elapsed: 0.680s  Memory: 5103.00M
"polygons" in: sky130A_mr.drc:1305
    Polygons (raw): 0 (flat)  0 (hierarchical)
    Elapsed: 0.030s  Memory: 5103.00M
"interacting" in: sky130A_mr.drc:1305
    Polygons (raw): 0 (flat)  0 (hierarchical)
    Elapsed: 0.080s  Memory: 5103.00M
"output" in: sky130A_mr.drc:1306
    Polygons (raw): 0 (flat)  0 (hierarchical)
    Elapsed: 0.100s  Memory: 5103.00M
END: 68/44 (via)
START: 69/20 (m2)
"&" in: sky130A_mr.drc:1315
    Polygons (raw): 0 (flat)  0 (hierarchical)
    Elapsed: 0.100s  Memory: 5103.00M
"width" in: sky130A_mr.drc:1316
    Edge pairs: 0 (flat)  0 (hierarchical)
    Elapsed: 1.030s  Memory: 5103.00M
"output" in: sky130A_mr.drc:1316
    Edge pairs: 0 (flat)  0 (hierarchical)
    Elapsed: 0.130s  Memory: 5103.00M
"sized" in: sky130A_mr.drc:1318
    Polygons (raw): 0 (flat)  0 (hierarchical)
    Elapsed: 0.510s  Memory: 5103.00M
"sized" in: sky130A_mr.drc:1318
    Polygons (raw): 0 (flat)  0 (hierarchical)
    Elapsed: 0.110s  Memory: 5103.00M
"snap" in: sky130A_mr.drc:1318
    Polygons (raw): 0 (flat)  0 (hierarchical)
    Elapsed: 0.080s  Memory: 5103.00M
"&" in: sky130A_mr.drc:1318
    Polygons (raw): 0 (flat)  0 (hierarchical)
    Elapsed: 0.080s  Memory: 5103.00M
"edges" in: sky130A_mr.drc:1319
    Edges: 324900 (flat)  324900 (hierarchical)
    Elapsed: 0.060s  Memory: 5103.00M
"-" in: sky130A_mr.drc:1319
    Edges: 324900 (flat)  324900 (hierarchical)
    Elapsed: 0.090s  Memory: 5103.00M
"edges" in: sky130A_mr.drc:1320
    Edges: 0 (flat)  0 (hierarchical)
    Elapsed: 0.330s  Memory: 5103.00M
"merged" in: sky130A_mr.drc:1320
    Polygons (raw): 31524 (flat)  31524 (hierarchical)
    Elapsed: 0.000s  Memory: 5103.00M
"outside_part" in: sky130A_mr.drc:1320
    Edges: 0 (flat)  0 (hierarchical)
    Elapsed: 0.110s  Memory: 5103.00M
"-" in: sky130A_mr.drc:1321
    Polygons (raw): 161131 (flat)  161131 (hierarchical)
    Elapsed: 0.080s  Memory: 5103.00M
"space" in: sky130A_mr.drc:1323
    Edge pairs: 0 (flat)  0 (hierarchical)
    Elapsed: 1.480s  Memory: 5103.00M
"output" in: sky130A_mr.drc:1323
    Edge pairs: 0 (flat)  0 (hierarchical)
    Elapsed: 0.340s  Memory: 5103.00M
"separation" in: sky130A_mr.drc:1329
    Edge pairs: 0 (flat)  0 (hierarchical)
    Elapsed: 0.400s  Memory: 5103.00M
"space" in: sky130A_mr.drc:1330
    Edge pairs: 0 (flat)  0 (hierarchical)
    Elapsed: 0.260s  Memory: 5103.00M
"+" in: sky130A_mr.drc:1329
    Edge pairs: 0 (flat)  0 (hierarchical)
    Elapsed: 0.080s  Memory: 5103.00M
"output" in: sky130A_mr.drc:1331
    Edge pairs: 0 (flat)  0 (hierarchical)
    Elapsed: 0.110s  Memory: 5103.00M
"with_area" in: sky130A_mr.drc:1333
    Polygons (raw): 0 (flat)  0 (hierarchical)
    Elapsed: 0.160s  Memory: 5103.00M
"output" in: sky130A_mr.drc:1333
    Polygons (raw): 0 (flat)  0 (hierarchical)
    Elapsed: 0.100s  Memory: 5103.00M
"holes" in: sky130A_mr.drc:1335
    Polygons (raw): 0 (flat)  0 (hierarchical)
    Elapsed: 0.040s  Memory: 5103.00M
"with_area" in: sky130A_mr.drc:1336
    Polygons (raw): 0 (flat)  0 (hierarchical)
    Elapsed: 0.080s  Memory: 5103.00M
"output" in: sky130A_mr.drc:1337
    Polygons (raw): 0 (flat)  0 (hierarchical)
    Elapsed: 0.110s  Memory: 5103.00M
"enclosing" in: sky130A_mr.drc:1345
    Edge pairs: 0 (flat)  0 (hierarchical)
    Elapsed: 1.210s  Memory: 5103.00M
"output" in: sky130A_mr.drc:1345
    Edge pairs: 0 (flat)  0 (hierarchical)
    Elapsed: 0.130s  Memory: 5103.00M
"-" in: sky130A_mr.drc:1349
    Polygons (raw): 0 (flat)  0 (hierarchical)
    Elapsed: 0.820s  Memory: 5103.00M
"output" in: sky130A_mr.drc:1349
    Polygons (raw): 0 (flat)  0 (hierarchical)
    Elapsed: 0.120s  Memory: 5103.00M
"enclosing" in: sky130A_mr.drc:1353
    Edge pairs: 0 (flat)  0 (hierarchical)
    Elapsed: 0.080s  Memory: 5103.00M
"output" in: sky130A_mr.drc:1353
    Edge pairs: 0 (flat)  0 (hierarchical)
    Elapsed: 0.100s  Memory: 5103.00M
"enclosing" in: sky130A_mr.drc:1358
    Edge pairs: 108583 (flat)  108583 (hierarchical)
    Elapsed: 1.720s  Memory: 5103.00M
"second_edges" in: sky130A_mr.drc:1358
    Edges: 108583 (flat)  108583 (hierarchical)
    Elapsed: 0.030s  Memory: 5103.00M
"width" in: sky130A_mr.drc:1360
    Edge pairs: 0 (flat)  0 (hierarchical)
    Elapsed: 0.780s  Memory: 5103.00M
"polygons" in: sky130A_mr.drc:1361
    Polygons (raw): 0 (flat)  0 (hierarchical)
    Elapsed: 0.020s  Memory: 5103.00M
"interacting" in: sky130A_mr.drc:1361
    Polygons (raw): 0 (flat)  0 (hierarchical)
    Elapsed: 0.080s  Memory: 5103.00M
"output" in: sky130A_mr.drc:1362
    Polygons (raw): 0 (flat)  0 (hierarchical)
    Elapsed: 0.110s  Memory: 5103.00M
END: 69/20 (m2)
START: 69/44 (via2)
"drc" in: sky130A_mr.drc:1373
    Polygons (raw): 0 (flat)  0 (hierarchical)
    Elapsed: 1.210s  Memory: 5103.00M
"-" in: sky130A_mr.drc:1374
    Polygons (raw): 95223 (flat)  95223 (hierarchical)
    Elapsed: 0.110s  Memory: 5103.00M
"-" in: sky130A_mr.drc:1379
    Polygons (raw): 95223 (flat)  95223 (hierarchical)
    Elapsed: 0.070s  Memory: 5103.00M
"non_rectangles" in: sky130A_mr.drc:1380
    Polygons (raw): 0 (flat)  0 (hierarchical)
    Elapsed: 0.920s  Memory: 5103.00M
"output" in: sky130A_mr.drc:1380
    Polygons (raw): 0 (flat)  0 (hierarchical)
    Elapsed: 0.130s  Memory: 5103.00M
"width" in: sky130A_mr.drc:1384
    Edge pairs: 0 (flat)  0 (hierarchical)
    Elapsed: 0.160s  Memory: 5103.00M
"output" in: sky130A_mr.drc:1384
    Edge pairs: 0 (flat)  0 (hierarchical)
    Elapsed: 0.100s  Memory: 5103.00M
"edges" in: sky130A_mr.drc:1389
    Edges: 380892 (flat)  380892 (hierarchical)
    Elapsed: 0.070s  Memory: 5103.00M
"without_length" in: sky130A_mr.drc:1390
    Edges: 0 (flat)  0 (hierarchical)
    Elapsed: 0.120s  Memory: 5103.00M
"output" in: sky130A_mr.drc:1391
    Edges: 0 (flat)  0 (hierarchical)
    Elapsed: 0.100s  Memory: 5103.00M
"space" in: sky130A_mr.drc:1392
    Edge pairs: 0 (flat)  0 (hierarchical)
    Elapsed: 0.530s  Memory: 5103.00M
"output" in: sky130A_mr.drc:1392
    Edge pairs: 0 (flat)  0 (hierarchical)
    Elapsed: 0.120s  Memory: 5103.00M
"width" in: sky130A_mr.drc:1398
    Edge pairs: 0 (flat)  0 (hierarchical)
    Elapsed: 0.080s  Memory: 5103.00M
"output" in: sky130A_mr.drc:1398
    Edge pairs: 0 (flat)  0 (hierarchical)
    Elapsed: 0.100s  Memory: 5103.00M
"drc" in: sky130A_mr.drc:1402
    Edge pairs: 0 (flat)  0 (hierarchical)
    Elapsed: 0.410s  Memory: 5103.00M
"output" in: sky130A_mr.drc:1402
    Edge pairs: 0 (flat)  0 (hierarchical)
    Elapsed: 0.110s  Memory: 5103.00M
"-" in: sky130A_mr.drc:1406
    Polygons (raw): 0 (flat)  0 (hierarchical)
    Elapsed: 0.100s  Memory: 5103.00M
"output" in: sky130A_mr.drc:1406
    Polygons (raw): 0 (flat)  0 (hierarchical)
    Elapsed: 0.100s  Memory: 5103.00M
"enclosing" in: sky130A_mr.drc:1412
    Edge pairs: 0 (flat)  0 (hierarchical)
    Elapsed: 0.720s  Memory: 5103.00M
"output" in: sky130A_mr.drc:1412
    Edge pairs: 0 (flat)  0 (hierarchical)
    Elapsed: 0.130s  Memory: 5103.00M
"-" in: sky130A_mr.drc:1416
    Polygons (raw): 0 (flat)  0 (hierarchical)
    Elapsed: 0.470s  Memory: 5103.00M
"output" in: sky130A_mr.drc:1416
    Polygons (raw): 0 (flat)  0 (hierarchical)
    Elapsed: 0.130s  Memory: 5103.00M
"enclosing" in: sky130A_mr.drc:1419
    Edge pairs: 2423 (flat)  2423 (hierarchical)
    Elapsed: 0.740s  Memory: 5103.00M
"second_edges" in: sky130A_mr.drc:1419
    Edges: 2423 (flat)  2423 (hierarchical)
    Elapsed: 0.030s  Memory: 5103.00M
"width" in: sky130A_mr.drc:1421
    Edge pairs: 0 (flat)  0 (hierarchical)
    Elapsed: 0.430s  Memory: 5103.00M
"polygons" in: sky130A_mr.drc:1422
    Polygons (raw): 0 (flat)  0 (hierarchical)
    Elapsed: 0.030s  Memory: 5103.00M
"interacting" in: sky130A_mr.drc:1422
    Polygons (raw): 0 (flat)  0 (hierarchical)
    Elapsed: 0.080s  Memory: 5103.00M
"output" in: sky130A_mr.drc:1423
    Polygons (raw): 0 (flat)  0 (hierarchical)
    Elapsed: 0.100s  Memory: 5103.00M
END: 69/44 (via2)
START: 70/20 (m3)
"width" in: sky130A_mr.drc:1432
    Edge pairs: 0 (flat)  0 (hierarchical)
    Elapsed: 0.700s  Memory: 5103.00M
"output" in: sky130A_mr.drc:1432
    Edge pairs: 0 (flat)  0 (hierarchical)
    Elapsed: 0.130s  Memory: 5103.00M
"sized" in: sky130A_mr.drc:1434
    Polygons (raw): 0 (flat)  0 (hierarchical)
    Elapsed: 0.170s  Memory: 5103.00M
"sized" in: sky130A_mr.drc:1434
    Polygons (raw): 0 (flat)  0 (hierarchical)
    Elapsed: 0.110s  Memory: 5103.00M
"snap" in: sky130A_mr.drc:1434
    Polygons (raw): 0 (flat)  0 (hierarchical)
    Elapsed: 0.080s  Memory: 5103.00M
"&" in: sky130A_mr.drc:1434
    Polygons (raw): 0 (flat)  0 (hierarchical)
    Elapsed: 0.090s  Memory: 5103.00M
"edges" in: sky130A_mr.drc:1435
    Edges: 64824 (flat)  64824 (hierarchical)
    Elapsed: 0.030s  Memory: 5103.00M
"-" in: sky130A_mr.drc:1435
    Edges: 64824 (flat)  64824 (hierarchical)
    Elapsed: 0.080s  Memory: 5103.00M
"edges" in: sky130A_mr.drc:1436
    Edges: 0 (flat)  0 (hierarchical)
    Elapsed: 0.320s  Memory: 5103.00M
"merged" in: sky130A_mr.drc:1436
    Polygons (raw): 14536 (flat)  14536 (hierarchical)
    Elapsed: 0.000s  Memory: 5103.00M
"outside_part" in: sky130A_mr.drc:1436
    Edges: 0 (flat)  0 (hierarchical)
    Elapsed: 0.110s  Memory: 5103.00M
"space" in: sky130A_mr.drc:1438
    Edge pairs: 0 (flat)  0 (hierarchical)
    Elapsed: 0.410s  Memory: 5103.00M
"output" in: sky130A_mr.drc:1438
    Edge pairs: 0 (flat)  0 (hierarchical)
    Elapsed: 0.350s  Memory: 5103.00M
"separation" in: sky130A_mr.drc:1444
    Edge pairs: 0 (flat)  0 (hierarchical)
    Elapsed: 0.390s  Memory: 5103.00M
"space" in: sky130A_mr.drc:1445
    Edge pairs: 0 (flat)  0 (hierarchical)
    Elapsed: 0.240s  Memory: 5103.00M
"+" in: sky130A_mr.drc:1444
    Edge pairs: 0 (flat)  0 (hierarchical)
    Elapsed: 0.080s  Memory: 5103.00M
"output" in: sky130A_mr.drc:1446
    Edge pairs: 0 (flat)  0 (hierarchical)
    Elapsed: 0.110s  Memory: 5103.00M
"enclosing" in: sky130A_mr.drc:1454
    Edge pairs: 0 (flat)  0 (hierarchical)
    Elapsed: 0.710s  Memory: 5103.00M
"output" in: sky130A_mr.drc:1454
    Edge pairs: 0 (flat)  0 (hierarchical)
    Elapsed: 0.130s  Memory: 5103.00M
"-" in: sky130A_mr.drc:1458
    Polygons (raw): 0 (flat)  0 (hierarchical)
    Elapsed: 0.440s  Memory: 5103.00M
"output" in: sky130A_mr.drc:1458
    Polygons (raw): 0 (flat)  0 (hierarchical)
    Elapsed: 0.130s  Memory: 5103.00M
"with_area" in: sky130A_mr.drc:1460
    Polygons (raw): 0 (flat)  0 (hierarchical)
    Elapsed: 0.110s  Memory: 5103.00M
"output" in: sky130A_mr.drc:1460
    Polygons (raw): 0 (flat)  0 (hierarchical)
    Elapsed: 0.120s  Memory: 5103.00M
"holes" in: sky130A_mr.drc:1462
    Polygons (raw): 0 (flat)  0 (hierarchical)
    Elapsed: 0.000s  Memory: 5103.00M
"with_area" in: sky130A_mr.drc:1463
    Polygons (raw): 0 (flat)  0 (hierarchical)
    Elapsed: 0.080s  Memory: 5103.00M
"output" in: sky130A_mr.drc:1464
    Polygons (raw): 0 (flat)  0 (hierarchical)
    Elapsed: 0.130s  Memory: 5103.00M
END: 70/20 (m3)
START: 70/44 (via3)
"drc" in: sky130A_mr.drc:1471
    Polygons (raw): 0 (flat)  0 (hierarchical)
    Elapsed: 1.390s  Memory: 5103.00M
"-" in: sky130A_mr.drc:1472
    Polygons (raw): 118820 (flat)  118820 (hierarchical)
    Elapsed: 0.110s  Memory: 5103.00M
"-" in: sky130A_mr.drc:1477
    Polygons (raw): 118820 (flat)  118820 (hierarchical)
    Elapsed: 0.080s  Memory: 5103.00M
"non_rectangles" in: sky130A_mr.drc:1478
    Polygons (raw): 0 (flat)  0 (hierarchical)
    Elapsed: 1.100s  Memory: 5103.00M
"output" in: sky130A_mr.drc:1478
    Polygons (raw): 0 (flat)  0 (hierarchical)
    Elapsed: 0.130s  Memory: 5103.00M
"width" in: sky130A_mr.drc:1482
    Edge pairs: 0 (flat)  0 (hierarchical)
    Elapsed: 0.170s  Memory: 5103.00M
"output" in: sky130A_mr.drc:1482
    Edge pairs: 0 (flat)  0 (hierarchical)
    Elapsed: 0.130s  Memory: 5103.00M
"edges" in: sky130A_mr.drc:1487
    Edges: 475280 (flat)  475280 (hierarchical)
    Elapsed: 0.050s  Memory: 5103.00M
"without_length" in: sky130A_mr.drc:1488
    Edges: 0 (flat)  0 (hierarchical)
    Elapsed: 0.120s  Memory: 5103.00M
"output" in: sky130A_mr.drc:1489
    Edges: 0 (flat)  0 (hierarchical)
    Elapsed: 0.150s  Memory: 5103.00M
"space" in: sky130A_mr.drc:1491
    Edge pairs: 0 (flat)  0 (hierarchical)
    Elapsed: 0.550s  Memory: 5103.00M
"output" in: sky130A_mr.drc:1491
    Edge pairs: 0 (flat)  0 (hierarchical)
    Elapsed: 0.130s  Memory: 5103.00M
"enclosing" in: sky130A_mr.drc:1495
    Edge pairs: 0 (flat)  0 (hierarchical)
    Elapsed: 0.850s  Memory: 5103.00M
"output" in: sky130A_mr.drc:1495
    Edge pairs: 0 (flat)  0 (hierarchical)
    Elapsed: 0.130s  Memory: 5103.00M
"-" in: sky130A_mr.drc:1499
    Polygons (raw): 0 (flat)  0 (hierarchical)
    Elapsed: 0.660s  Memory: 5103.00M
"output" in: sky130A_mr.drc:1499
    Polygons (raw): 0 (flat)  0 (hierarchical)
    Elapsed: 0.130s  Memory: 5103.00M
"enclosing" in: sky130A_mr.drc:1505
    Edge pairs: 191009 (flat)  191009 (hierarchical)
    Elapsed: 1.700s  Memory: 5103.00M
"second_edges" in: sky130A_mr.drc:1505
    Edges: 191009 (flat)  191009 (hierarchical)
    Elapsed: 0.040s  Memory: 5103.00M
"width" in: sky130A_mr.drc:1507
    Edge pairs: 0 (flat)  0 (hierarchical)
    Elapsed: 1.020s  Memory: 5103.00M
"polygons" in: sky130A_mr.drc:1508
    Polygons (raw): 0 (flat)  0 (hierarchical)
    Elapsed: 0.020s  Memory: 5103.00M
"interacting" in: sky130A_mr.drc:1508
    Polygons (raw): 0 (flat)  0 (hierarchical)
    Elapsed: 0.080s  Memory: 5103.00M
"output" in: sky130A_mr.drc:1509
    Polygons (raw): 0 (flat)  0 (hierarchical)
    Elapsed: 0.110s  Memory: 5103.00M
END: 70/44 (via3)
START: 71/20 (m4)
"width" in: sky130A_mr.drc:1518
    Edge pairs: 0 (flat)  0 (hierarchical)
    Elapsed: 0.330s  Memory: 5103.00M
"output" in: sky130A_mr.drc:1518
    Edge pairs: 0 (flat)  0 (hierarchical)
    Elapsed: 0.110s  Memory: 5103.00M
"sized" in: sky130A_mr.drc:1520
    Polygons (raw): 156 (flat)  156 (hierarchical)
    Elapsed: 0.120s  Memory: 5103.00M
"sized" in: sky130A_mr.drc:1520
    Polygons (raw): 156 (flat)  156 (hierarchical)
    Elapsed: 0.100s  Memory: 5103.00M
"snap" in: sky130A_mr.drc:1520
    Polygons (raw): 156 (flat)  156 (hierarchical)
    Elapsed: 0.770s  Memory: 5079.00M
"&" in: sky130A_mr.drc:1520
    Polygons (raw): 156 (flat)  156 (hierarchical)
    Elapsed: 0.240s  Memory: 5079.00M
"edges" in: sky130A_mr.drc:1521
    Edges: 2540 (flat)  2540 (hierarchical)
    Elapsed: 0.010s  Memory: 5079.00M
"-" in: sky130A_mr.drc:1521
    Edges: 1916 (flat)  1916 (hierarchical)
    Elapsed: 0.190s  Memory: 5079.00M
"edges" in: sky130A_mr.drc:1522
    Edges: 624 (flat)  624 (hierarchical)
    Elapsed: 0.250s  Memory: 5079.00M
"merged" in: sky130A_mr.drc:1522
    Polygons (raw): 302 (flat)  302 (hierarchical)
    Elapsed: 0.010s  Memory: 5079.00M
"outside_part" in: sky130A_mr.drc:1522
    Edges: 624 (flat)  624 (hierarchical)
    Elapsed: 0.190s  Memory: 5079.00M
"space" in: sky130A_mr.drc:1524
    Edge pairs: 0 (flat)  0 (hierarchical)
    Elapsed: 0.530s  Memory: 5079.00M
"output" in: sky130A_mr.drc:1524
    Edge pairs: 0 (flat)  0 (hierarchical)
    Elapsed: 0.130s  Memory: 5079.00M
"with_area" in: sky130A_mr.drc:1529
    Polygons (raw): 0 (flat)  0 (hierarchical)
    Elapsed: 0.110s  Memory: 5079.00M
"output" in: sky130A_mr.drc:1529
    Polygons (raw): 0 (flat)  0 (hierarchical)
    Elapsed: 0.100s  Memory: 5079.00M
"separation" in: sky130A_mr.drc:1532
    Edge pairs: 0 (flat)  0 (hierarchical)
    Elapsed: 0.520s  Memory: 5079.00M
"space" in: sky130A_mr.drc:1533
    Edge pairs: 0 (flat)  0 (hierarchical)
    Elapsed: 0.250s  Memory: 5079.00M
"+" in: sky130A_mr.drc:1532
    Edge pairs: 0 (flat)  0 (hierarchical)
    Elapsed: 0.080s  Memory: 5079.00M
"output" in: sky130A_mr.drc:1534
    Edge pairs: 0 (flat)  0 (hierarchical)
    Elapsed: 0.110s  Memory: 5079.00M
"enclosing" in: sky130A_mr.drc:1542
    Edge pairs: 0 (flat)  0 (hierarchical)
    Elapsed: 1.190s  Memory: 5079.00M
"output" in: sky130A_mr.drc:1542
    Edge pairs: 0 (flat)  0 (hierarchical)
    Elapsed: 0.130s  Memory: 5079.00M
"-" in: sky130A_mr.drc:1546
    Polygons (raw): 0 (flat)  0 (hierarchical)
    Elapsed: 0.620s  Memory: 5079.00M
"output" in: sky130A_mr.drc:1546
    Polygons (raw): 0 (flat)  0 (hierarchical)
    Elapsed: 0.130s  Memory: 5079.00M
"holes" in: sky130A_mr.drc:1549
    Polygons (raw): 0 (flat)  0 (hierarchical)
    Elapsed: 0.000s  Memory: 5079.00M
"with_area" in: sky130A_mr.drc:1550
    Polygons (raw): 0 (flat)  0 (hierarchical)
    Elapsed: 0.080s  Memory: 5079.00M
"output" in: sky130A_mr.drc:1551
    Polygons (raw): 0 (flat)  0 (hierarchical)
    Elapsed: 0.130s  Memory: 5079.00M
END: 71/20 (m4)
START: 71/44 (via4)
"drc" in: sky130A_mr.drc:1557
    Polygons (raw): 0 (flat)  0 (hierarchical)
    Elapsed: 0.460s  Memory: 5079.00M
"-" in: sky130A_mr.drc:1558
    Polygons (raw): 12568 (flat)  12568 (hierarchical)
    Elapsed: 0.100s  Memory: 5079.00M
"-" in: sky130A_mr.drc:1563
    Polygons (raw): 12568 (flat)  12568 (hierarchical)
    Elapsed: 0.080s  Memory: 5079.00M
"non_rectangles" in: sky130A_mr.drc:1564
    Polygons (raw): 0 (flat)  0 (hierarchical)
    Elapsed: 0.290s  Memory: 5079.00M
"output" in: sky130A_mr.drc:1564
    Polygons (raw): 0 (flat)  0 (hierarchical)
    Elapsed: 0.130s  Memory: 5079.00M
"width" in: sky130A_mr.drc:1568
    Edge pairs: 0 (flat)  0 (hierarchical)
    Elapsed: 0.440s  Memory: 5079.00M
"output" in: sky130A_mr.drc:1568
    Edge pairs: 0 (flat)  0 (hierarchical)
    Elapsed: 0.130s  Memory: 5079.00M
"drc" in: sky130A_mr.drc:1572
    Edges: 0 (flat)  0 (hierarchical)
    Elapsed: 0.260s  Memory: 5079.00M
"output" in: sky130A_mr.drc:1572
    Edges: 0 (flat)  0 (hierarchical)
    Elapsed: 0.130s  Memory: 5079.00M
"space" in: sky130A_mr.drc:1578
    Edge pairs: 0 (flat)  0 (hierarchical)
    Elapsed: 0.270s  Memory: 5079.00M
"polygons" in: sky130A_mr.drc:1579
    Polygons (raw): 0 (flat)  0 (hierarchical)
    Elapsed: 0.030s  Memory: 5079.00M
"output" in: sky130A_mr.drc:1580
    Polygons (raw): 0 (flat)  0 (hierarchical)
    Elapsed: 0.110s  Memory: 5079.00M
"width" in: sky130A_mr.drc:1583
    Edge pairs: 0 (flat)  0 (hierarchical)
    Elapsed: 0.080s  Memory: 5079.00M
"output" in: sky130A_mr.drc:1583
    Edge pairs: 0 (flat)  0 (hierarchical)
    Elapsed: 0.130s  Memory: 5079.00M
"drc" in: sky130A_mr.drc:1587
    Edge pairs: 0 (flat)  0 (hierarchical)
    Elapsed: 0.420s  Memory: 5079.00M
"output" in: sky130A_mr.drc:1587
    Edge pairs: 0 (flat)  0 (hierarchical)
    Elapsed: 0.130s  Memory: 5079.00M
"-" in: sky130A_mr.drc:1591
    Polygons (raw): 0 (flat)  0 (hierarchical)
    Elapsed: 0.080s  Memory: 5079.00M
"output" in: sky130A_mr.drc:1591
    Polygons (raw): 0 (flat)  0 (hierarchical)
    Elapsed: 0.100s  Memory: 5079.00M
"enclosing" in: sky130A_mr.drc:1597
    Edge pairs: 0 (flat)  0 (hierarchical)
    Elapsed: 0.350s  Memory: 5079.00M
"output" in: sky130A_mr.drc:1597
    Edge pairs: 0 (flat)  0 (hierarchical)
    Elapsed: 0.110s  Memory: 5079.00M
"-" in: sky130A_mr.drc:1601
    Polygons (raw): 0 (flat)  0 (hierarchical)
    Elapsed: 0.220s  Memory: 5079.00M
"output" in: sky130A_mr.drc:1601
    Polygons (raw): 0 (flat)  0 (hierarchical)
    Elapsed: 0.100s  Memory: 5079.00M
END: 71/44 (via4)
START: 72/20 (m5)
"width" in: sky130A_mr.drc:1606
    Edge pairs: 0 (flat)  0 (hierarchical)
    Elapsed: 0.370s  Memory: 5079.00M
"output" in: sky130A_mr.drc:1606
    Edge pairs: 0 (flat)  0 (hierarchical)
    Elapsed: 0.100s  Memory: 5079.00M
"space" in: sky130A_mr.drc:1608
    Edge pairs: 0 (flat)  0 (hierarchical)
    Elapsed: 0.260s  Memory: 5079.00M
"output" in: sky130A_mr.drc:1608
    Edge pairs: 0 (flat)  0 (hierarchical)
    Elapsed: 0.110s  Memory: 5079.00M
"enclosing" in: sky130A_mr.drc:1610
    Edge pairs: 0 (flat)  0 (hierarchical)
    Elapsed: 0.360s  Memory: 5079.00M
"output" in: sky130A_mr.drc:1610
    Edge pairs: 0 (flat)  0 (hierarchical)
    Elapsed: 0.100s  Memory: 5079.00M
"-" in: sky130A_mr.drc:1614
    Polygons (raw): 0 (flat)  0 (hierarchical)
    Elapsed: 0.180s  Memory: 5079.00M
"output" in: sky130A_mr.drc:1614
    Polygons (raw): 0 (flat)  0 (hierarchical)
    Elapsed: 0.100s  Memory: 5079.00M
"with_area" in: sky130A_mr.drc:1621
    Polygons (raw): 0 (flat)  0 (hierarchical)
    Elapsed: 0.130s  Memory: 5079.00M
"output" in: sky130A_mr.drc:1621
    Polygons (raw): 0 (flat)  0 (hierarchical)
    Elapsed: 0.100s  Memory: 5079.00M
"holes" in: sky130A_mr.drc:1623
    Polygons (raw): 0 (flat)  0 (hierarchical)
    Elapsed: 0.020s  Memory: 5079.00M
"with_area" in: sky130A_mr.drc:1624
    Polygons (raw): 0 (flat)  0 (hierarchical)
    Elapsed: 0.080s  Memory: 5079.00M
"output" in: sky130A_mr.drc:1625
    Polygons (raw): 0 (flat)  0 (hierarchical)
    Elapsed: 0.100s  Memory: 5079.00M
END: 72/20 (m5)
START: 76/20 (pad)
"space" in: sky130A_mr.drc:1630
    Edge pairs: 0 (flat)  0 (hierarchical)
    Elapsed: 0.100s  Memory: 5079.00M
"output" in: sky130A_mr.drc:1630
    Edge pairs: 0 (flat)  0 (hierarchical)
    Elapsed: 0.110s  Memory: 5079.00M
END: 76/20 (pad)
START: 81/10 (moduleCut)
"output" in: sky130A_mr.drc:1636
    Polygons (raw): 0 (flat)  0 (hierarchical)
    Elapsed: 0.100s  Memory: 5079.00M
END: 81/10 (moduleCut)
Writing report database: /tmp/tmpmiykj0ok/repo/precheck_results/31_MAY_2026___10_10_28/outputs/reports/klayout_beol_check.xml ..
Total elapsed: 1166.130s  Memory: 4639.00M
Args:
	sram_exclude: false
	feol: false
	beol: true
	floating_met: false
	offgrid: false
	seal: 
 
Cell exclusion list:
   rule    | cell
   nwell.6 | sky130_fd_io__gpiov2_amux, sky130_fd_io__simple_pad_and_busses
 
release 2026.03.30_01.00
