2026-05-31 10:10:28 [INFO] Extracting compressed files in: /tmp/tmpmiykj0ok/repo
2026-05-31 10:10:28 [INFO] make uncompress produced 2 gds/*.gds file(s): Neuromorphic_X1_wb.gds, user_project_wrapper.gds (make exit 0)
2026-05-31 10:10:28 [INFO] Project type: digital
2026-05-31 10:10:28 [INFO] GDS hash (user_project_wrapper): 06e81a95054fb3c17239de4eced28fc32d4568ec
2026-05-31 10:10:28 [INFO] Tools: KLayout v0.29.2 | Magic v8.3.471
2026-05-31 10:10:28 [INFO] PDK: SKY130A unknown
2026-05-31 10:10:28 [INFO] Running 13 checks: [topcell_check, gpio_defines, xor, klayout_feol, klayout_beol, klayout_offgrid, klayout_met_min_ca_density, klayout_pin_label_purposes_overlapping_drawing, klayout_zeroarea, spike_check, illegal_cellname_check, lvs, oeb]
2026-05-31 10:10:31 [INFO] Single top cell 'user_project_wrapper' found
2026-05-31 10:10:31 [INFO] GPIO defines: parsing verilog/rtl/user_defines.v
2026-05-31 10:10:33 [INFO] GPIO defines report: /tmp/tmpmiykj0ok/repo/precheck_results/31_MAY_2026___10_10_28/outputs/reports/gpio_defines.report
2026-05-31 10:11:01 [INFO] Total XOR differences: 0
2026-05-31 10:11:01 [INFO] Running: klayout -b -r /usr/local/lib/python3.9/site-packages/cf_precheck/drc_scripts/sky130A_mr.drc -rd input=/tmp/tmpmiykj0ok/repo/gds/user_project_wrapper.gds -rd topcell=user_project_wrapper -rd report=/tmp/tmpmiykj0ok/repo/precheck_results/31_MAY_2026___10_10_28/outputs/reports/klayout_feol_check.xml -rd thr=2 -rd feol=true
2026-05-31 10:18:30 [INFO] No DRC violations found
2026-05-31 10:18:30 [INFO] Running: klayout -b -r /usr/local/lib/python3.9/site-packages/cf_precheck/drc_scripts/sky130A_mr.drc -rd input=/tmp/tmpmiykj0ok/repo/gds/user_project_wrapper.gds -rd topcell=user_project_wrapper -rd report=/tmp/tmpmiykj0ok/repo/precheck_results/31_MAY_2026___10_10_28/outputs/reports/klayout_beol_check.xml -rd thr=2 -rd beol=true
2026-05-31 10:37:43 [INFO] No DRC violations found
2026-05-31 10:37:43 [INFO] Running: klayout -b -r /usr/local/lib/python3.9/site-packages/cf_precheck/drc_scripts/sky130A_mr.drc -rd input=/tmp/tmpmiykj0ok/repo/gds/user_project_wrapper.gds -rd topcell=user_project_wrapper -rd report=/tmp/tmpmiykj0ok/repo/precheck_results/31_MAY_2026___10_10_28/outputs/reports/klayout_offgrid_check.xml -rd thr=2 -rd offgrid=true
2026-05-31 10:42:27 [INFO] No DRC violations found
2026-05-31 10:42:27 [INFO] Running: klayout -b -r /usr/local/lib/python3.9/site-packages/cf_precheck/drc_scripts/met_min_ca_density.lydrc -rd input=/tmp/tmpmiykj0ok/repo/gds/user_project_wrapper.gds -rd topcell=user_project_wrapper -rd report=/tmp/tmpmiykj0ok/repo/precheck_results/31_MAY_2026___10_10_28/outputs/reports/klayout_met_min_ca_density_check.xml -rd thr=2
2026-05-31 10:43:44 [INFO] No DRC violations found
2026-05-31 10:43:44 [INFO] Running: klayout -b -r /usr/local/lib/python3.9/site-packages/cf_precheck/drc_scripts/pin_label_purposes_overlapping_drawing.rb.drc -rd input=/tmp/tmpmiykj0ok/repo/gds/user_project_wrapper.gds -rd topcell=user_project_wrapper -rd report=/tmp/tmpmiykj0ok/repo/precheck_results/31_MAY_2026___10_10_28/outputs/reports/klayout_pin_label_purposes_overlapping_drawing_check.xml -rd thr=2 -rd top_cell_name=user_project_wrapper
2026-05-31 10:44:40 [INFO] No DRC violations found
2026-05-31 10:44:40 [INFO] Running: klayout -b -r /usr/local/lib/python3.9/site-packages/cf_precheck/drc_scripts/zeroarea.rb.drc -rd input=/tmp/tmpmiykj0ok/repo/gds/user_project_wrapper.gds -rd topcell=user_project_wrapper -rd report=/tmp/tmpmiykj0ok/repo/precheck_results/31_MAY_2026___10_10_28/outputs/reports/klayout_zeroarea_check.xml -rd thr=2 -rd cleaned_output=/tmp/tmpmiykj0ok/repo/precheck_results/31_MAY_2026___10_10_28/outputs/user_project_wrapper_no_zero_areas.gds
2026-05-31 10:44:53 [INFO] No DRC violations found
2026-05-31 10:44:53 [INFO] Running: bash /usr/local/lib/python3.9/site-packages/cf_precheck/drc_scripts/gdsArea0 -V -m /tmp/tmpmiykj0ok/repo/precheck_results/31_MAY_2026___10_10_28/outputs/reports/spike_check.xml /tmp/tmpmiykj0ok/repo/gds/user_project_wrapper.gds
2026-05-31 10:45:05 [INFO] No spikes found
2026-05-31 10:45:08 [INFO] Loading LVS environment from /tmp/tmpmiykj0ok/repo/lvs/user_project_wrapper/lvs_config.json
2026-05-31 10:45:08 [INFO] EXTRACT_FLATGLOB: 
2026-05-31 10:45:08 [INFO] EXTRACT_ABSTRACT: *__fill_* *__fakediode_* *__tapvpwrvgnd_* Neuromorphic_X1_wb
2026-05-31 10:45:08 [WARNING] Missing LVS configuration variable EXTRACT_CREATE_SUBCUT
2026-05-31 10:45:08 [INFO] LVS_FLATTEN: 
2026-05-31 10:45:08 [INFO] LVS_NOFLATTEN: 
2026-05-31 10:45:08 [INFO] LVS_IGNORE: 
2026-05-31 10:45:08 [INFO] LVS_SPICE_FILES: /opt/pdks/sky130A/libs.ref/sky130_fd_sc_hd/spice/sky130_ef_sc_hd__decap_12.spice /opt/pdks/sky130A/libs.ref/sky130_fd_sc_hd/spice/sky130_fd_sc_hd.spice
2026-05-31 10:45:08 [INFO] LVS_VERILOG_FILES: /tmp/tmpmiykj0ok/repo/verilog/gl/user_project_wrapper.v
2026-05-31 10:45:08 [INFO] LAYOUT_FILE: /tmp/tmpmiykj0ok/repo/gds/user_project_wrapper.gds
2026-05-31 10:45:08 [INFO] Running: run_be_checks --nooeb
2026-05-31 10:45:08 [INFO] LVS output directory: /tmp/tmpmiykj0ok/repo/precheck_results/31_MAY_2026___10_10_28
2026-05-31 10:58:26 [WARNING] ERC check failed (stat=4), see /tmp/tmpmiykj0ok/repo/precheck_results/31_MAY_2026___10_10_28/logs/LVS_check.log
2026-05-31 10:58:26 [INFO] Loading LVS environment from /tmp/tmpmiykj0ok/repo/lvs/user_project_wrapper/lvs_config.json
2026-05-31 10:58:26 [INFO] EXTRACT_FLATGLOB: 
2026-05-31 10:58:26 [INFO] EXTRACT_ABSTRACT: *__fill_* *__fakediode_* *__tapvpwrvgnd_* Neuromorphic_X1_wb
2026-05-31 10:58:26 [WARNING] Missing LVS configuration variable EXTRACT_CREATE_SUBCUT
2026-05-31 10:58:26 [INFO] LVS_FLATTEN: 
2026-05-31 10:58:26 [INFO] LVS_NOFLATTEN: 
2026-05-31 10:58:26 [INFO] LVS_IGNORE: 
2026-05-31 10:58:26 [INFO] LVS_SPICE_FILES: /opt/pdks/sky130A/libs.ref/sky130_fd_sc_hd/spice/sky130_ef_sc_hd__decap_12.spice /opt/pdks/sky130A/libs.ref/sky130_fd_sc_hd/spice/sky130_fd_sc_hd.spice
2026-05-31 10:58:26 [INFO] LVS_VERILOG_FILES: /tmp/tmpmiykj0ok/repo/verilog/gl/user_project_wrapper.v
2026-05-31 10:58:26 [INFO] LAYOUT_FILE: /tmp/tmpmiykj0ok/repo/gds/user_project_wrapper.gds
2026-05-31 10:58:26 [INFO] Running: run_oeb_check --noextract
2026-05-31 10:58:26 [INFO] OEB output directory: /tmp/tmpmiykj0ok/repo/precheck_results/31_MAY_2026___10_10_28
2026-05-31 10:58:37 [WARNING] ERC check failed (stat=4), see /tmp/tmpmiykj0ok/repo/precheck_results/31_MAY_2026___10_10_28/logs/OEB_check.log
