Clock: clk
Sources: wb_clk_i 
Generated: no
Virtual: yes
Propagated: no
Period: 100.000000

===========================================================================
report_clock_properties
============================================================================
Clock                   Period          Waveform
----------------------------------------------------
clk                 100.000000    0.000000 50.000000

===========================================================================
report_clock_latency
============================================================================
Clock clk
rise -> rise
    min     max
4.650000 5.570000 source latency
5.630003         network latency _10642_/CLK
        6.905383 network latency _11345_/CLK
---------------
10.280003 12.475383 latency
        2.195380 skew

fall -> fall
    min     max
4.650000 5.570000 source latency
5.669311         network latency _11009_/CLK
        6.912821 network latency _11345_/CLK
---------------
10.319310 12.482821 latency
        2.163510 skew



===========================================================================
report_clock_min_period
============================================================================
clk period_min = 12.00 fmax = 83.34
