Clock: clk
Sources: wb_clk_i 
Generated: no
Virtual: yes
Propagated: no
Period: 100.000000

===========================================================================
report_clock_properties
============================================================================
Clock                   Period          Waveform
----------------------------------------------------
clk                 100.000000    0.000000 50.000000

===========================================================================
report_clock_latency
============================================================================
Clock clk
rise -> rise
    min     max
4.650000 5.570000 source latency
5.523756         network latency _10642_/CLK
        6.762479 network latency _11345_/CLK
---------------
10.173756 12.332479 latency
        2.158724 skew

fall -> fall
    min     max
4.650000 5.570000 source latency
5.583342         network latency _10642_/CLK
        6.780336 network latency _11345_/CLK
---------------
10.233341 12.350336 latency
        2.116995 skew



===========================================================================
report_clock_min_period
============================================================================
clk period_min = 11.39 fmax = 87.79
