Clock: clk
Sources: wb_clk_i 
Generated: no
Virtual: yes
Propagated: no
Period: 100.000000

===========================================================================
report_clock_properties
============================================================================
Clock                   Period          Waveform
----------------------------------------------------
clk                 100.000000    0.000000 50.000000

===========================================================================
report_clock_latency
============================================================================
Clock clk
rise -> rise
    min     max
4.650000 5.570000 source latency
5.268950         network latency _10642_/CLK
        6.407520 network latency _11345_/CLK
---------------
9.918949 11.977520 latency
        2.058570 skew

fall -> fall
    min     max
4.650000 5.570000 source latency
5.376272         network latency _11009_/CLK
        6.507168 network latency _11345_/CLK
---------------
10.026272 12.077168 latency
        2.050896 skew



===========================================================================
report_clock_min_period
============================================================================
clk period_min = 7.57 fmax = 132.02
