Clock: clk
Sources: wb_clk_i 
Generated: no
Virtual: yes
Propagated: no
Period: 50.000000

===========================================================================
report_clock_properties
============================================================================
Clock                   Period          Waveform
----------------------------------------------------
clk                  50.000000    0.000000 25.000000

===========================================================================
report_clock_latency
============================================================================
Clock clk
rise -> rise
    min     max
4.650000 5.570000 source latency
7.257981         network latency _09273_/CLK
        8.830491 network latency _09189_/CLK
---------------
11.907982 14.400492 latency
        2.492510 skew

fall -> fall
    min     max
4.650000 5.570000 source latency
7.269112         network latency _09273_/CLK
        8.664380 network latency _09189_/CLK
---------------
11.919111 14.234380 latency
        2.315268 skew



===========================================================================
report_clock_min_period
============================================================================
clk period_min = 26.78 fmax = 37.34
